
main.elf:     file format elf32-or32

Sections:
Idx Name          Size      VMA       LMA       File off  Algn
  0 .vectors      00002000  00000000  00000000  00002000  2**0
                  CONTENTS, ALLOC, LOAD, READONLY, CODE
  1 .init         00000028  00002000  00002000  00004000  2**0
                  CONTENTS, ALLOC, LOAD, READONLY, CODE
  2 .text         00001f88  00002028  00002028  00004028  2**2
                  CONTENTS, ALLOC, LOAD, READONLY, CODE
  3 .fini         0000001c  00003fb0  00003fb0  00005fb0  2**0
                  CONTENTS, ALLOC, LOAD, READONLY, CODE
  4 .rodata       00000006  00003fcc  00003fcc  00005fcc  2**2
                  CONTENTS, ALLOC, LOAD, READONLY, DATA
  5 .eh_frame     00000004  00003fd4  00003fd4  00005fd4  2**2
                  CONTENTS, ALLOC, LOAD, READONLY, DATA
  6 .ctors        00000008  00005fd8  00005fd8  00005fd8  2**2
                  CONTENTS, ALLOC, LOAD, DATA
  7 .dtors        00000008  00005fe0  00005fe0  00005fe0  2**2
                  CONTENTS, ALLOC, LOAD, DATA
  8 .jcr          00000004  00005fe8  00005fe8  00005fe8  2**2
                  CONTENTS, ALLOC, LOAD, DATA
  9 .data         000009b8  00005fec  00005fec  00005fec  2**2
                  CONTENTS, ALLOC, LOAD, DATA
 10 .bss          00000058  000069a4  000069a4  000069a4  2**2
                  ALLOC
 11 .comment      00000051  00000000  00000000  000069a4  2**0
                  CONTENTS, READONLY
 12 .debug_aranges 000001a0  00000000  00000000  000069f5  2**0
                  CONTENTS, READONLY, DEBUGGING
 13 .debug_pubnames 00000309  00000000  00000000  00006b95  2**0
                  CONTENTS, READONLY, DEBUGGING
 14 .debug_info   00006af2  00000000  00000000  00006e9e  2**0
                  CONTENTS, READONLY, DEBUGGING
 15 .debug_abbrev 0000133c  00000000  00000000  0000d990  2**0
                  CONTENTS, READONLY, DEBUGGING
 16 .debug_line   0000228e  00000000  00000000  0000eccc  2**0
                  CONTENTS, READONLY, DEBUGGING
 17 .debug_frame  00000418  00000000  00000000  00010f5c  2**2
                  CONTENTS, READONLY, DEBUGGING
 18 .debug_str    00000aeb  00000000  00000000  00011374  2**0
                  CONTENTS, READONLY, DEBUGGING
 19 .debug_loc    00001657  00000000  00000000  00011e5f  2**0
                  CONTENTS, READONLY, DEBUGGING
 20 .debug_pubtypes 0000098b  00000000  00000000  000134b6  2**0
                  CONTENTS, READONLY, DEBUGGING
 21 .debug_ranges 00000088  00000000  00000000  00013e41  2**0
                  CONTENTS, READONLY, DEBUGGING

Disassembly of section .vectors:

00000000 <__reset-0x100>:
	...

00000100 <__reset>:
     100:	18 00 00 00 	l.movhi r0,0x0
     104:	18 20 00 00 	l.movhi r1,0x0
     108:	18 40 00 00 	l.movhi r2,0x0
     10c:	18 60 00 00 	l.movhi r3,0x0
     110:	18 80 00 00 	l.movhi r4,0x0
     114:	18 a0 00 00 	l.movhi r5,0x0
     118:	18 c0 00 00 	l.movhi r6,0x0
     11c:	18 e0 00 00 	l.movhi r7,0x0
     120:	19 00 00 00 	l.movhi r8,0x0
     124:	19 20 00 00 	l.movhi r9,0x0
     128:	19 40 00 00 	l.movhi r10,0x0
     12c:	19 60 00 00 	l.movhi r11,0x0
     130:	19 80 00 00 	l.movhi r12,0x0
     134:	19 a0 00 00 	l.movhi r13,0x0
     138:	19 c0 00 00 	l.movhi r14,0x0
     13c:	19 e0 00 00 	l.movhi r15,0x0
     140:	1a 00 00 00 	l.movhi r16,0x0
     144:	1a 20 00 00 	l.movhi r17,0x0
     148:	1a 40 00 00 	l.movhi r18,0x0
     14c:	1a 60 00 00 	l.movhi r19,0x0
     150:	1a 80 00 00 	l.movhi r20,0x0
     154:	1a a0 00 00 	l.movhi r21,0x0
     158:	1a c0 00 00 	l.movhi r22,0x0
     15c:	1a e0 00 00 	l.movhi r23,0x0
     160:	1b 00 00 00 	l.movhi r24,0x0
     164:	1b 20 00 00 	l.movhi r25,0x0
     168:	1b 40 00 00 	l.movhi r26,0x0
     16c:	1b 60 00 00 	l.movhi r27,0x0
     170:	1b 80 00 00 	l.movhi r28,0x0
     174:	1b a0 00 00 	l.movhi r29,0x0
     178:	1b c0 00 00 	l.movhi r30,0x0
     17c:	1b e0 00 00 	l.movhi r31,0x0
     180:	a8 20 00 01 	l.ori r1,r0,0x1
     184:	c0 00 08 11 	l.mtspr r0,r1,0x11
     188:	c1 40 00 00 	l.mtspr r0,r0,0x5000
     18c:	18 80 00 00 	l.movhi r4,0x0
     190:	a8 84 20 28 	l.ori r4,r4,0x2028
     194:	44 00 20 00 	l.jr r4
     198:	15 00 00 00 	l.nop 0x0
	...
     200:	9c 21 ff 80 	l.addi r1,r1,0xffffff80
     204:	d4 01 18 04 	l.sw 0x4(r1),r3
     208:	d4 01 20 08 	l.sw 0x8(r1),r4
     20c:	b4 60 00 10 	l.mfspr r3,r0,0x10
     210:	00 00 0b 99 	l.j 3074 <or1k_exception_handler>
     214:	b4 80 00 20 	l.mfspr r4,r0,0x20
	...
     300:	9c 21 ff 80 	l.addi r1,r1,0xffffff80
     304:	d4 01 18 04 	l.sw 0x4(r1),r3
     308:	d4 01 20 08 	l.sw 0x8(r1),r4
     30c:	b4 60 00 10 	l.mfspr r3,r0,0x10
     310:	00 00 0b 59 	l.j 3074 <or1k_exception_handler>
     314:	b4 80 00 20 	l.mfspr r4,r0,0x20
	...
     400:	9c 21 ff 80 	l.addi r1,r1,0xffffff80
     404:	d4 01 18 04 	l.sw 0x4(r1),r3
     408:	d4 01 20 08 	l.sw 0x8(r1),r4
     40c:	b4 60 00 10 	l.mfspr r3,r0,0x10
     410:	00 00 0b 19 	l.j 3074 <or1k_exception_handler>
     414:	b4 80 00 20 	l.mfspr r4,r0,0x20
	...
     500:	9c 21 ff 80 	l.addi r1,r1,0xffffff80
     504:	d4 01 18 04 	l.sw 0x4(r1),r3
     508:	d4 01 20 08 	l.sw 0x8(r1),r4
     50c:	b4 60 00 10 	l.mfspr r3,r0,0x10
     510:	00 00 0a d9 	l.j 3074 <or1k_exception_handler>
     514:	b4 80 00 20 	l.mfspr r4,r0,0x20
	...
     600:	9c 21 ff 80 	l.addi r1,r1,0xffffff80
     604:	d4 01 18 04 	l.sw 0x4(r1),r3
     608:	d4 01 20 08 	l.sw 0x8(r1),r4
     60c:	b4 60 00 10 	l.mfspr r3,r0,0x10
     610:	00 00 0a 99 	l.j 3074 <or1k_exception_handler>
     614:	b4 80 00 20 	l.mfspr r4,r0,0x20
	...
     700:	9c 21 ff 80 	l.addi r1,r1,0xffffff80
     704:	d4 01 18 04 	l.sw 0x4(r1),r3
     708:	d4 01 20 08 	l.sw 0x8(r1),r4
     70c:	b4 60 00 10 	l.mfspr r3,r0,0x10
     710:	00 00 0a 59 	l.j 3074 <or1k_exception_handler>
     714:	b4 80 00 20 	l.mfspr r4,r0,0x20
	...
     800:	9c 21 ff 80 	l.addi r1,r1,0xffffff80
     804:	d4 01 18 04 	l.sw 0x4(r1),r3
     808:	d4 01 20 08 	l.sw 0x8(r1),r4
     80c:	b4 60 00 10 	l.mfspr r3,r0,0x10
     810:	00 00 0a 19 	l.j 3074 <or1k_exception_handler>
     814:	b4 80 00 20 	l.mfspr r4,r0,0x20
	...
     900:	9c 21 ff 80 	l.addi r1,r1,0xffffff80
     904:	d4 01 18 04 	l.sw 0x4(r1),r3
     908:	d4 01 20 08 	l.sw 0x8(r1),r4
     90c:	b4 60 00 10 	l.mfspr r3,r0,0x10
     910:	00 00 09 d9 	l.j 3074 <or1k_exception_handler>
     914:	b4 80 00 20 	l.mfspr r4,r0,0x20
	...
     a00:	9c 21 ff 80 	l.addi r1,r1,0xffffff80
     a04:	d4 01 18 04 	l.sw 0x4(r1),r3
     a08:	d4 01 20 08 	l.sw 0x8(r1),r4
     a0c:	b4 60 00 10 	l.mfspr r3,r0,0x10
     a10:	00 00 09 99 	l.j 3074 <or1k_exception_handler>
     a14:	b4 80 00 20 	l.mfspr r4,r0,0x20
	...
     b00:	9c 21 ff 80 	l.addi r1,r1,0xffffff80
     b04:	d4 01 18 04 	l.sw 0x4(r1),r3
     b08:	d4 01 20 08 	l.sw 0x8(r1),r4
     b0c:	b4 60 00 10 	l.mfspr r3,r0,0x10
     b10:	00 00 09 59 	l.j 3074 <or1k_exception_handler>
     b14:	b4 80 00 20 	l.mfspr r4,r0,0x20
	...
     c00:	9c 21 ff 80 	l.addi r1,r1,0xffffff80
     c04:	d4 01 18 04 	l.sw 0x4(r1),r3
     c08:	d4 01 20 08 	l.sw 0x8(r1),r4
     c0c:	b4 60 00 10 	l.mfspr r3,r0,0x10
     c10:	00 00 09 19 	l.j 3074 <or1k_exception_handler>
     c14:	b4 80 00 20 	l.mfspr r4,r0,0x20
	...
     d00:	9c 21 ff 80 	l.addi r1,r1,0xffffff80
     d04:	d4 01 18 04 	l.sw 0x4(r1),r3
     d08:	d4 01 20 08 	l.sw 0x8(r1),r4
     d0c:	b4 60 00 10 	l.mfspr r3,r0,0x10
     d10:	00 00 08 d9 	l.j 3074 <or1k_exception_handler>
     d14:	b4 80 00 20 	l.mfspr r4,r0,0x20
	...
     e00:	9c 21 ff 80 	l.addi r1,r1,0xffffff80
     e04:	d4 01 18 04 	l.sw 0x4(r1),r3
     e08:	d4 01 20 08 	l.sw 0x8(r1),r4
     e0c:	b4 60 00 10 	l.mfspr r3,r0,0x10
     e10:	00 00 08 99 	l.j 3074 <or1k_exception_handler>
     e14:	b4 80 00 20 	l.mfspr r4,r0,0x20
	...
     f00:	9c 21 ff 80 	l.addi r1,r1,0xffffff80
     f04:	d4 01 18 04 	l.sw 0x4(r1),r3
     f08:	d4 01 20 08 	l.sw 0x8(r1),r4
     f0c:	b4 60 00 10 	l.mfspr r3,r0,0x10
     f10:	00 00 08 59 	l.j 3074 <or1k_exception_handler>
     f14:	b4 80 00 20 	l.mfspr r4,r0,0x20
	...
    1000:	9c 21 ff 80 	l.addi r1,r1,0xffffff80
    1004:	d4 01 18 04 	l.sw 0x4(r1),r3
    1008:	d4 01 20 08 	l.sw 0x8(r1),r4
    100c:	b4 60 00 10 	l.mfspr r3,r0,0x10
    1010:	00 00 08 19 	l.j 3074 <or1k_exception_handler>
    1014:	b4 80 00 20 	l.mfspr r4,r0,0x20
	...
    1100:	9c 21 ff 80 	l.addi r1,r1,0xffffff80
    1104:	d4 01 18 04 	l.sw 0x4(r1),r3
    1108:	d4 01 20 08 	l.sw 0x8(r1),r4
    110c:	b4 60 00 10 	l.mfspr r3,r0,0x10
    1110:	00 00 07 d9 	l.j 3074 <or1k_exception_handler>
    1114:	b4 80 00 20 	l.mfspr r4,r0,0x20
	...
    1200:	9c 21 ff 80 	l.addi r1,r1,0xffffff80
    1204:	d4 01 18 04 	l.sw 0x4(r1),r3
    1208:	d4 01 20 08 	l.sw 0x8(r1),r4
    120c:	b4 60 00 10 	l.mfspr r3,r0,0x10
    1210:	00 00 07 99 	l.j 3074 <or1k_exception_handler>
    1214:	b4 80 00 20 	l.mfspr r4,r0,0x20
	...
    1300:	9c 21 ff 80 	l.addi r1,r1,0xffffff80
    1304:	d4 01 18 04 	l.sw 0x4(r1),r3
    1308:	d4 01 20 08 	l.sw 0x8(r1),r4
    130c:	b4 60 00 10 	l.mfspr r3,r0,0x10
    1310:	00 00 07 59 	l.j 3074 <or1k_exception_handler>
    1314:	b4 80 00 20 	l.mfspr r4,r0,0x20
	...
    1400:	9c 21 ff 80 	l.addi r1,r1,0xffffff80
    1404:	d4 01 18 04 	l.sw 0x4(r1),r3
    1408:	d4 01 20 08 	l.sw 0x8(r1),r4
    140c:	b4 60 00 10 	l.mfspr r3,r0,0x10
    1410:	00 00 07 19 	l.j 3074 <or1k_exception_handler>
    1414:	b4 80 00 20 	l.mfspr r4,r0,0x20
	...
    1500:	9c 21 ff 80 	l.addi r1,r1,0xffffff80
    1504:	d4 01 18 04 	l.sw 0x4(r1),r3
    1508:	d4 01 20 08 	l.sw 0x8(r1),r4
    150c:	b4 60 00 10 	l.mfspr r3,r0,0x10
    1510:	00 00 06 d9 	l.j 3074 <or1k_exception_handler>
    1514:	b4 80 00 20 	l.mfspr r4,r0,0x20
	...
    1600:	9c 21 ff 80 	l.addi r1,r1,0xffffff80
    1604:	d4 01 18 04 	l.sw 0x4(r1),r3
    1608:	d4 01 20 08 	l.sw 0x8(r1),r4
    160c:	b4 60 00 10 	l.mfspr r3,r0,0x10
    1610:	00 00 06 99 	l.j 3074 <or1k_exception_handler>
    1614:	b4 80 00 20 	l.mfspr r4,r0,0x20
	...
    1700:	9c 21 ff 80 	l.addi r1,r1,0xffffff80
    1704:	d4 01 18 04 	l.sw 0x4(r1),r3
    1708:	d4 01 20 08 	l.sw 0x8(r1),r4
    170c:	b4 60 00 10 	l.mfspr r3,r0,0x10
    1710:	00 00 06 59 	l.j 3074 <or1k_exception_handler>
    1714:	b4 80 00 20 	l.mfspr r4,r0,0x20
	...
    1800:	9c 21 ff 80 	l.addi r1,r1,0xffffff80
    1804:	d4 01 18 04 	l.sw 0x4(r1),r3
    1808:	d4 01 20 08 	l.sw 0x8(r1),r4
    180c:	b4 60 00 10 	l.mfspr r3,r0,0x10
    1810:	00 00 06 19 	l.j 3074 <or1k_exception_handler>
    1814:	b4 80 00 20 	l.mfspr r4,r0,0x20
	...
    1900:	9c 21 ff 80 	l.addi r1,r1,0xffffff80
    1904:	d4 01 18 04 	l.sw 0x4(r1),r3
    1908:	d4 01 20 08 	l.sw 0x8(r1),r4
    190c:	b4 60 00 10 	l.mfspr r3,r0,0x10
    1910:	00 00 05 d9 	l.j 3074 <or1k_exception_handler>
    1914:	b4 80 00 20 	l.mfspr r4,r0,0x20
	...
    1a00:	9c 21 ff 80 	l.addi r1,r1,0xffffff80
    1a04:	d4 01 18 04 	l.sw 0x4(r1),r3
    1a08:	d4 01 20 08 	l.sw 0x8(r1),r4
    1a0c:	b4 60 00 10 	l.mfspr r3,r0,0x10
    1a10:	00 00 05 99 	l.j 3074 <or1k_exception_handler>
    1a14:	b4 80 00 20 	l.mfspr r4,r0,0x20
	...
    1b00:	9c 21 ff 80 	l.addi r1,r1,0xffffff80
    1b04:	d4 01 18 04 	l.sw 0x4(r1),r3
    1b08:	d4 01 20 08 	l.sw 0x8(r1),r4
    1b0c:	b4 60 00 10 	l.mfspr r3,r0,0x10
    1b10:	00 00 05 59 	l.j 3074 <or1k_exception_handler>
    1b14:	b4 80 00 20 	l.mfspr r4,r0,0x20
	...
    1c00:	9c 21 ff 80 	l.addi r1,r1,0xffffff80
    1c04:	d4 01 18 04 	l.sw 0x4(r1),r3
    1c08:	d4 01 20 08 	l.sw 0x8(r1),r4
    1c0c:	b4 60 00 10 	l.mfspr r3,r0,0x10
    1c10:	00 00 05 19 	l.j 3074 <or1k_exception_handler>
    1c14:	b4 80 00 20 	l.mfspr r4,r0,0x20
	...
    1d00:	9c 21 ff 80 	l.addi r1,r1,0xffffff80
    1d04:	d4 01 18 04 	l.sw 0x4(r1),r3
    1d08:	d4 01 20 08 	l.sw 0x8(r1),r4
    1d0c:	b4 60 00 10 	l.mfspr r3,r0,0x10
    1d10:	00 00 04 d9 	l.j 3074 <or1k_exception_handler>
    1d14:	b4 80 00 20 	l.mfspr r4,r0,0x20
	...
    1e00:	9c 21 ff 80 	l.addi r1,r1,0xffffff80
    1e04:	d4 01 18 04 	l.sw 0x4(r1),r3
    1e08:	d4 01 20 08 	l.sw 0x8(r1),r4
    1e0c:	b4 60 00 10 	l.mfspr r3,r0,0x10
    1e10:	00 00 04 99 	l.j 3074 <or1k_exception_handler>
    1e14:	b4 80 00 20 	l.mfspr r4,r0,0x20
	...
    1f00:	9c 21 ff 80 	l.addi r1,r1,0xffffff80
    1f04:	d4 01 18 04 	l.sw 0x4(r1),r3
    1f08:	d4 01 20 08 	l.sw 0x8(r1),r4
    1f0c:	b4 60 00 10 	l.mfspr r3,r0,0x10
    1f10:	00 00 04 59 	l.j 3074 <or1k_exception_handler>
    1f14:	b4 80 00 20 	l.mfspr r4,r0,0x20
	...
    1ffc:	15 00 00 00 	l.nop 0x0

Disassembly of section .init:

00002000 <__init-0x4>:
    2000:	15 00 00 00 	l.nop 0x0

00002004 <__init>:
    2004:	9c 21 ff fc 	l.addi r1,r1,0xfffffffc
    2008:	d4 01 48 00 	l.sw 0x0(r1),r9
    200c:	04 00 00 6c 	l.jal 21bc <frame_dummy>
    2010:	15 00 00 00 	l.nop 0x0
    2014:	04 00 07 ce 	l.jal 3f4c <__do_global_ctors_aux>
    2018:	15 00 00 00 	l.nop 0x0
    201c:	85 21 00 00 	l.lwz r9,0x0(r1)
    2020:	44 00 48 00 	l.jr r9
    2024:	9c 21 00 04 	l.addi r1,r1,0x4

Disassembly of section .text:

00002028 <_start>:
    2028:	18 20 00 00 	l.movhi r1,0x0
    202c:	a8 21 3e 38 	l.ori r1,r1,0x3e38
    2030:	84 21 00 00 	l.lwz r1,0x0(r1)
    2034:	18 40 00 00 	l.movhi r2,0x0
    2038:	a8 42 3e 3c 	l.ori r2,r2,0x3e3c
    203c:	84 42 00 00 	l.lwz r2,0x0(r2)
    2040:	e0 21 10 00 	l.add r1,r1,r2
    2044:	e0 41 08 04 	l.or r2,r1,r1
    2048:	18 60 00 00 	l.movhi r3,0x0
    204c:	a8 63 5f ec 	l.ori r3,r3,0x5fec
    2050:	d4 03 08 00 	l.sw 0x0(r3),r1
    2054:	04 00 03 59 	l.jal 2db8 <or1k_cache_init>
    2058:	15 00 00 00 	l.nop 0x0
    205c:	18 60 00 00 	l.movhi r3,0x0
    2060:	a8 63 69 a4 	l.ori r3,r3,0x69a4
    2064:	18 80 00 00 	l.movhi r4,0x0
    2068:	a8 84 69 fc 	l.ori r4,r4,0x69fc
    206c:	d4 03 00 00 	l.sw 0x0(r3),r0
    2070:	e4 83 20 00 	l.sfltu r3,r4
    2074:	13 ff ff fe 	l.bf 206c <_start+0x44>
    2078:	9c 63 00 04 	l.addi r3,r3,0x4
    207c:	07 ff ff e2 	l.jal 2004 <__init>
    2080:	15 00 00 00 	l.nop 0x0
    2084:	18 60 00 00 	l.movhi r3,0x0
    2088:	04 00 00 ae 	l.jal 2340 <atexit>
    208c:	a8 63 3f b0 	l.ori r3,r3,0x3fb0
    2090:	18 80 00 00 	l.movhi r4,0x0
    2094:	a8 84 3e 44 	l.ori r4,r4,0x3e44
    2098:	84 84 00 00 	l.lwz r4,0x0(r4)
    209c:	e4 24 00 00 	l.sfne r4,r0
    20a0:	0c 00 00 04 	l.bnf 20b0 <_start+0x88>
    20a4:	e0 60 00 04 	l.or r3,r0,r0
    20a8:	04 00 07 13 	l.jal 3cf4 <__uart_init>
    20ac:	15 00 00 00 	l.nop 0x0
    20b0:	e0 60 00 04 	l.or r3,r0,r0
    20b4:	e0 80 00 04 	l.or r4,r0,r0
    20b8:	04 00 00 64 	l.jal 2248 <main>
    20bc:	e0 a0 00 04 	l.or r5,r0,r0
    20c0:	04 00 00 a9 	l.jal 2364 <exit>
    20c4:	9c 6b 00 00 	l.addi r3,r11,0x0
    20c8:	00 00 00 00 	l.j 20c8 <_start+0xa0>
    20cc:	15 00 00 00 	l.nop 0x0

000020d0 <__do_global_dtors_aux>:
    20d0:	d7 e1 87 f8 	l.sw 0xfffffff8(r1),r16
    20d4:	1a 00 00 00 	l.movhi r16,0x0
    20d8:	d7 e1 17 f0 	l.sw 0xfffffff0(r1),r2
    20dc:	aa 10 69 a4 	l.ori r16,r16,0x69a4
    20e0:	d7 e1 4f fc 	l.sw 0xfffffffc(r1),r9
    20e4:	8c 50 00 00 	l.lbz r2,0x0(r16)
    20e8:	d7 e1 77 f4 	l.sw 0xfffffff4(r1),r14
    20ec:	bc 22 00 00 	l.sfnei r2,0x0
    20f0:	10 00 00 27 	l.bf 218c <__do_global_dtors_aux+0xbc>
    20f4:	9c 21 ff f0 	l.addi r1,r1,0xfffffff0
    20f8:	19 c0 00 00 	l.movhi r14,0x0
    20fc:	18 80 00 00 	l.movhi r4,0x0
    2100:	a9 ce 5f e4 	l.ori r14,r14,0x5fe4
    2104:	a8 84 5f e0 	l.ori r4,r4,0x5fe0
    2108:	18 40 00 00 	l.movhi r2,0x0
    210c:	e1 ce 20 02 	l.sub r14,r14,r4
    2110:	a8 42 69 a8 	l.ori r2,r2,0x69a8
    2114:	b9 ce 00 82 	l.srai r14,r14,0x2
    2118:	84 62 00 00 	l.lwz r3,0x0(r2)
    211c:	9d ce ff ff 	l.addi r14,r14,0xffffffff
    2120:	e4 63 70 00 	l.sfgeu r3,r14
    2124:	10 00 00 10 	l.bf 2164 <__do_global_dtors_aux+0x94>
    2128:	15 00 00 00 	l.nop 0x0
    212c:	9c 63 00 01 	l.addi r3,r3,0x1
    2130:	18 a0 00 00 	l.movhi r5,0x0
    2134:	b8 83 00 02 	l.slli r4,r3,0x2
    2138:	a8 a5 5f e0 	l.ori r5,r5,0x5fe0
    213c:	d4 02 18 00 	l.sw 0x0(r2),r3
    2140:	e0 64 28 00 	l.add r3,r4,r5
    2144:	84 63 00 00 	l.lwz r3,0x0(r3)
    2148:	48 00 18 00 	l.jalr r3
    214c:	15 00 00 00 	l.nop 0x0
    2150:	84 62 00 00 	l.lwz r3,0x0(r2)
    2154:	e4 83 70 00 	l.sfltu r3,r14
    2158:	13 ff ff f6 	l.bf 2130 <__do_global_dtors_aux+0x60>
    215c:	9c 63 00 01 	l.addi r3,r3,0x1
    2160:	9c 63 ff ff 	l.addi r3,r3,0xffffffff
    2164:	18 40 00 00 	l.movhi r2,0x0
    2168:	a8 42 00 00 	l.ori r2,r2,0x0
    216c:	bc 02 00 00 	l.sfeqi r2,0x0
    2170:	10 00 00 06 	l.bf 2188 <__do_global_dtors_aux+0xb8>
    2174:	9c 40 00 01 	l.addi r2,r0,0x1
    2178:	18 60 00 00 	l.movhi r3,0x0
    217c:	07 ff f7 a1 	l.jal 0 <__reset-0x100>
    2180:	a8 63 3f d4 	l.ori r3,r3,0x3fd4
    2184:	9c 40 00 01 	l.addi r2,r0,0x1
    2188:	d8 10 10 00 	l.sb 0x0(r16),r2
    218c:	9c 21 00 10 	l.addi r1,r1,0x10
    2190:	85 21 ff fc 	l.lwz r9,0xfffffffc(r1)
    2194:	84 41 ff f0 	l.lwz r2,0xfffffff0(r1)
    2198:	85 c1 ff f4 	l.lwz r14,0xfffffff4(r1)
    219c:	44 00 48 00 	l.jr r9
    21a0:	86 01 ff f8 	l.lwz r16,0xfffffff8(r1)

000021a4 <call___do_global_dtors_aux>:
    21a4:	d7 e1 4f fc 	l.sw 0xfffffffc(r1),r9
    21a8:	9c 21 ff fc 	l.addi r1,r1,0xfffffffc
    21ac:	9c 21 00 04 	l.addi r1,r1,0x4
    21b0:	85 21 ff fc 	l.lwz r9,0xfffffffc(r1)
    21b4:	44 00 48 00 	l.jr r9
    21b8:	15 00 00 00 	l.nop 0x0

000021bc <frame_dummy>:
    21bc:	18 60 00 00 	l.movhi r3,0x0
    21c0:	d7 e1 4f fc 	l.sw 0xfffffffc(r1),r9
    21c4:	a8 63 00 00 	l.ori r3,r3,0x0
    21c8:	bc 03 00 00 	l.sfeqi r3,0x0
    21cc:	10 00 00 07 	l.bf 21e8 <frame_dummy+0x2c>
    21d0:	9c 21 ff fc 	l.addi r1,r1,0xfffffffc
    21d4:	18 60 00 00 	l.movhi r3,0x0
    21d8:	18 80 00 00 	l.movhi r4,0x0
    21dc:	a8 63 3f d4 	l.ori r3,r3,0x3fd4
    21e0:	07 ff f7 88 	l.jal 0 <__reset-0x100>
    21e4:	a8 84 69 ac 	l.ori r4,r4,0x69ac
    21e8:	18 60 00 00 	l.movhi r3,0x0
    21ec:	a8 63 5f e8 	l.ori r3,r3,0x5fe8
    21f0:	84 83 00 00 	l.lwz r4,0x0(r3)
    21f4:	bc 04 00 00 	l.sfeqi r4,0x0
    21f8:	10 00 00 0a 	l.bf 2220 <frame_dummy+0x64>
    21fc:	18 80 00 00 	l.movhi r4,0x0
    2200:	a8 84 00 00 	l.ori r4,r4,0x0
    2204:	bc 04 00 00 	l.sfeqi r4,0x0
    2208:	10 00 00 06 	l.bf 2220 <frame_dummy+0x64>
    220c:	15 00 00 00 	l.nop 0x0
    2210:	9c 21 00 04 	l.addi r1,r1,0x4
    2214:	85 21 ff fc 	l.lwz r9,0xfffffffc(r1)
    2218:	44 00 20 00 	l.jr r4
    221c:	15 00 00 00 	l.nop 0x0
    2220:	9c 21 00 04 	l.addi r1,r1,0x4
    2224:	85 21 ff fc 	l.lwz r9,0xfffffffc(r1)
    2228:	44 00 48 00 	l.jr r9
    222c:	15 00 00 00 	l.nop 0x0

00002230 <call_frame_dummy>:
    2230:	d7 e1 4f fc 	l.sw 0xfffffffc(r1),r9
    2234:	9c 21 ff fc 	l.addi r1,r1,0xfffffffc
    2238:	9c 21 00 04 	l.addi r1,r1,0x4
    223c:	85 21 ff fc 	l.lwz r9,0xfffffffc(r1)
    2240:	44 00 48 00 	l.jr r9
    2244:	15 00 00 00 	l.nop 0x0

00002248 <main>:
    2248:	d7 e1 17 f8 	l.sw 0xfffffff8(r1),r2
    224c:	9c 41 00 00 	l.addi r2,r1,0x0
    2250:	d7 e1 4f fc 	l.sw 0xfffffffc(r1),r9
    2254:	9c 21 ff f0 	l.addi r1,r1,0xfffffff0
    2258:	9c 60 00 01 	l.addi r3,r0,0x1
    225c:	d4 01 18 00 	l.sw 0x0(r1),r3
    2260:	9c 60 00 04 	l.addi r3,r0,0x4
    2264:	9c 80 00 05 	l.addi r4,r0,0x5
    2268:	9c a0 00 06 	l.addi r5,r0,0x6
    226c:	9c c0 00 04 	l.addi r6,r0,0x4
    2270:	9c e0 00 03 	l.addi r7,r0,0x3
    2274:	9d 00 00 02 	l.addi r8,r0,0x2
    2278:	04 00 00 08 	l.jal 2298 <funcion>
    227c:	15 00 00 00 	l.nop 0x0
    2280:	d7 e2 5f f4 	l.sw 0xfffffff4(r2),r11
    2284:	a8 22 00 00 	l.ori r1,r2,0x0
    2288:	84 41 ff f8 	l.lwz r2,0xfffffff8(r1)
    228c:	85 21 ff fc 	l.lwz r9,0xfffffffc(r1)
    2290:	44 00 48 00 	l.jr r9
    2294:	15 00 00 00 	l.nop 0x0

00002298 <funcion>:
    2298:	d7 e1 17 fc 	l.sw 0xfffffffc(r1),r2
    229c:	9c 41 00 00 	l.addi r2,r1,0x0
    22a0:	9c 21 ff e4 	l.addi r1,r1,0xffffffe4
    22a4:	d7 e2 1f f8 	l.sw 0xfffffff8(r2),r3
    22a8:	d7 e2 27 f4 	l.sw 0xfffffff4(r2),r4
    22ac:	d7 e2 2f f0 	l.sw 0xfffffff0(r2),r5
    22b0:	d7 e2 37 ec 	l.sw 0xffffffec(r2),r6
    22b4:	d7 e2 3f e8 	l.sw 0xffffffe8(r2),r7
    22b8:	d7 e2 47 e4 	l.sw 0xffffffe4(r2),r8
    22bc:	84 62 00 00 	l.lwz r3,0x0(r2)
    22c0:	bd a3 00 04 	l.sflesi r3,0x4
    22c4:	10 00 00 0f 	l.bf 2300 <funcion+0x68>
    22c8:	15 00 00 00 	l.nop 0x0
    22cc:	84 82 ff f8 	l.lwz r4,0xfffffff8(r2)
    22d0:	84 62 ff f4 	l.lwz r3,0xfffffff4(r2)
    22d4:	e0 84 18 00 	l.add r4,r4,r3
    22d8:	84 62 ff f0 	l.lwz r3,0xfffffff0(r2)
    22dc:	e0 84 18 00 	l.add r4,r4,r3
    22e0:	84 62 ff ec 	l.lwz r3,0xffffffec(r2)
    22e4:	e0 84 18 00 	l.add r4,r4,r3
    22e8:	84 62 ff e8 	l.lwz r3,0xffffffe8(r2)
    22ec:	e0 84 18 02 	l.sub r4,r4,r3
    22f0:	84 62 ff e4 	l.lwz r3,0xffffffe4(r2)
    22f4:	e0 64 18 02 	l.sub r3,r4,r3
    22f8:	00 00 00 0d 	l.j 232c <funcion+0x94>
    22fc:	15 00 00 00 	l.nop 0x0
    2300:	84 82 ff f8 	l.lwz r4,0xfffffff8(r2)
    2304:	84 62 ff f4 	l.lwz r3,0xfffffff4(r2)
    2308:	e0 84 18 00 	l.add r4,r4,r3
    230c:	84 62 ff f0 	l.lwz r3,0xfffffff0(r2)
    2310:	e0 84 18 00 	l.add r4,r4,r3
    2314:	84 62 ff ec 	l.lwz r3,0xffffffec(r2)
    2318:	e0 84 18 00 	l.add r4,r4,r3
    231c:	84 62 ff e8 	l.lwz r3,0xffffffe8(r2)
    2320:	e0 84 18 00 	l.add r4,r4,r3
    2324:	84 62 ff e4 	l.lwz r3,0xffffffe4(r2)
    2328:	e0 64 18 02 	l.sub r3,r4,r3
    232c:	a9 63 00 00 	l.ori r11,r3,0x0
    2330:	a8 22 00 00 	l.ori r1,r2,0x0
    2334:	84 41 ff fc 	l.lwz r2,0xfffffffc(r1)
    2338:	44 00 48 00 	l.jr r9
    233c:	15 00 00 00 	l.nop 0x0

00002340 <atexit>:
    2340:	d7 e1 4f fc 	l.sw 0xfffffffc(r1),r9
    2344:	9c 21 ff fc 	l.addi r1,r1,0xfffffffc
    2348:	a8 83 00 00 	l.ori r4,r3,0x0
    234c:	9c 21 00 04 	l.addi r1,r1,0x4
    2350:	9c 60 00 00 	l.addi r3,r0,0x0
    2354:	85 21 ff fc 	l.lwz r9,0xfffffffc(r1)
    2358:	a8 a3 00 00 	l.ori r5,r3,0x0
    235c:	00 00 03 bb 	l.j 3248 <__register_exitproc>
    2360:	a8 c3 00 00 	l.ori r6,r3,0x0

00002364 <exit>:
    2364:	d7 e1 17 f8 	l.sw 0xfffffff8(r1),r2
    2368:	d7 e1 4f fc 	l.sw 0xfffffffc(r1),r9
    236c:	9c 80 00 00 	l.addi r4,r0,0x0
    2370:	9c 21 ff f8 	l.addi r1,r1,0xfffffff8
    2374:	04 00 04 06 	l.jal 338c <__call_exitprocs>
    2378:	a8 43 00 00 	l.ori r2,r3,0x0
    237c:	18 80 00 00 	l.movhi r4,0x0
    2380:	a8 84 3f cc 	l.ori r4,r4,0x3fcc
    2384:	84 84 00 00 	l.lwz r4,0x0(r4)
    2388:	84 a4 00 3c 	l.lwz r5,0x3c(r4)
    238c:	bc 05 00 00 	l.sfeqi r5,0x0
    2390:	10 00 00 04 	l.bf 23a0 <exit+0x3c>
    2394:	15 00 00 00 	l.nop 0x0
    2398:	48 00 28 00 	l.jalr r5
    239c:	a8 64 00 00 	l.ori r3,r4,0x0
    23a0:	04 00 06 39 	l.jal 3c84 <_exit>
    23a4:	a8 62 00 00 	l.ori r3,r2,0x0

000023a8 <malloc>:
    23a8:	a8 83 00 00 	l.ori r4,r3,0x0
    23ac:	18 60 00 00 	l.movhi r3,0x0
    23b0:	d7 e1 4f fc 	l.sw 0xfffffffc(r1),r9
    23b4:	a8 63 5f f4 	l.ori r3,r3,0x5ff4
    23b8:	9c 21 ff fc 	l.addi r1,r1,0xfffffffc
    23bc:	84 63 00 00 	l.lwz r3,0x0(r3)
    23c0:	9c 21 00 04 	l.addi r1,r1,0x4
    23c4:	85 21 ff fc 	l.lwz r9,0xfffffffc(r1)
    23c8:	00 00 00 0c 	l.j 23f8 <_malloc_r>
    23cc:	15 00 00 00 	l.nop 0x0

000023d0 <free>:
    23d0:	a8 83 00 00 	l.ori r4,r3,0x0
    23d4:	18 60 00 00 	l.movhi r3,0x0
    23d8:	d7 e1 4f fc 	l.sw 0xfffffffc(r1),r9
    23dc:	a8 63 5f f4 	l.ori r3,r3,0x5ff4
    23e0:	9c 21 ff fc 	l.addi r1,r1,0xfffffffc
    23e4:	84 63 00 00 	l.lwz r3,0x0(r3)
    23e8:	9c 21 00 04 	l.addi r1,r1,0x4
    23ec:	85 21 ff fc 	l.lwz r9,0xfffffffc(r1)
    23f0:	00 00 04 b9 	l.j 36d4 <_free_r>
    23f4:	15 00 00 00 	l.nop 0x0

000023f8 <_malloc_r>:
    23f8:	d7 e1 77 dc 	l.sw 0xffffffdc(r1),r14
    23fc:	d7 e1 87 e0 	l.sw 0xffffffe0(r1),r16
    2400:	d7 e1 4f fc 	l.sw 0xfffffffc(r1),r9
    2404:	d7 e1 17 d8 	l.sw 0xffffffd8(r1),r2
    2408:	d7 e1 97 e4 	l.sw 0xffffffe4(r1),r18
    240c:	d7 e1 a7 e8 	l.sw 0xffffffe8(r1),r20
    2410:	d7 e1 b7 ec 	l.sw 0xffffffec(r1),r22
    2414:	d7 e1 c7 f0 	l.sw 0xfffffff0(r1),r24
    2418:	d7 e1 d7 f4 	l.sw 0xfffffff4(r1),r26
    241c:	d7 e1 e7 f8 	l.sw 0xfffffff8(r1),r28
    2420:	9d c4 00 0b 	l.addi r14,r4,0xb
    2424:	9c 21 ff d8 	l.addi r1,r1,0xffffffd8
    2428:	bc ae 00 16 	l.sfleui r14,0x16
    242c:	10 00 00 36 	l.bf 2504 <_malloc_r+0x10c>
    2430:	aa 03 00 00 	l.ori r16,r3,0x0
    2434:	9c 40 ff f8 	l.addi r2,r0,0xfffffff8
    2438:	e1 ce 10 03 	l.and r14,r14,r2
    243c:	b8 6e 00 5f 	l.srli r3,r14,0x1f
    2440:	e4 8e 20 00 	l.sfltu r14,r4
    2444:	10 00 00 03 	l.bf 2450 <_malloc_r+0x58>
    2448:	9c 40 00 01 	l.addi r2,r0,0x1
    244c:	9c 40 00 00 	l.addi r2,r0,0x0
    2450:	a4 42 00 ff 	l.andi r2,r2,0xff
    2454:	bc 22 00 00 	l.sfnei r2,0x0
    2458:	10 00 00 b3 	l.bf 2724 <_malloc_r+0x32c>
    245c:	bc 03 00 00 	l.sfeqi r3,0x0
    2460:	0c 00 00 b2 	l.bnf 2728 <_malloc_r+0x330>
    2464:	9c 40 00 0c 	l.addi r2,r0,0xc
    2468:	04 00 02 34 	l.jal 2d38 <__malloc_lock>
    246c:	a8 70 00 00 	l.ori r3,r16,0x0
    2470:	bc 4e 01 f7 	l.sfgtui r14,0x1f7
    2474:	10 00 00 27 	l.bf 2510 <_malloc_r+0x118>
    2478:	b8 ee 00 49 	l.srli r7,r14,0x9
    247c:	18 80 00 00 	l.movhi r4,0x0
    2480:	b8 ee 00 43 	l.srli r7,r14,0x3
    2484:	a8 84 64 1c 	l.ori r4,r4,0x641c
    2488:	e0 6e 20 00 	l.add r3,r14,r4
    248c:	84 43 00 0c 	l.lwz r2,0xc(r3)
    2490:	e4 22 18 00 	l.sfne r2,r3
    2494:	0c 00 01 8e 	l.bnf 2acc <_malloc_r+0x6d4>
    2498:	aa 44 00 00 	l.ori r18,r4,0x0
    249c:	84 82 00 04 	l.lwz r4,0x4(r2)
    24a0:	9c a0 ff fc 	l.addi r5,r0,0xfffffffc
    24a4:	84 62 00 0c 	l.lwz r3,0xc(r2)
    24a8:	e0 84 28 03 	l.and r4,r4,r5
    24ac:	84 c2 00 08 	l.lwz r6,0x8(r2)
    24b0:	e0 82 20 00 	l.add r4,r2,r4
    24b4:	d4 06 18 0c 	l.sw 0xc(r6),r3
    24b8:	84 a4 00 04 	l.lwz r5,0x4(r4)
    24bc:	d4 03 30 08 	l.sw 0x8(r3),r6
    24c0:	a8 a5 00 01 	l.ori r5,r5,0x1
    24c4:	a8 70 00 00 	l.ori r3,r16,0x0
    24c8:	04 00 02 1e 	l.jal 2d40 <__malloc_unlock>
    24cc:	d4 04 28 04 	l.sw 0x4(r4),r5
    24d0:	9d 62 00 08 	l.addi r11,r2,0x8
    24d4:	9c 21 00 28 	l.addi r1,r1,0x28
    24d8:	85 21 ff fc 	l.lwz r9,0xfffffffc(r1)
    24dc:	84 41 ff d8 	l.lwz r2,0xffffffd8(r1)
    24e0:	85 c1 ff dc 	l.lwz r14,0xffffffdc(r1)
    24e4:	86 01 ff e0 	l.lwz r16,0xffffffe0(r1)
    24e8:	86 41 ff e4 	l.lwz r18,0xffffffe4(r1)
    24ec:	86 81 ff e8 	l.lwz r20,0xffffffe8(r1)
    24f0:	86 c1 ff ec 	l.lwz r22,0xffffffec(r1)
    24f4:	87 01 ff f0 	l.lwz r24,0xfffffff0(r1)
    24f8:	87 41 ff f4 	l.lwz r26,0xfffffff4(r1)
    24fc:	44 00 48 00 	l.jr r9
    2500:	87 81 ff f8 	l.lwz r28,0xfffffff8(r1)
    2504:	9c 60 00 00 	l.addi r3,r0,0x0
    2508:	03 ff ff ce 	l.j 2440 <_malloc_r+0x48>
    250c:	9d c0 00 10 	l.addi r14,r0,0x10
    2510:	bc 27 00 00 	l.sfnei r7,0x0
    2514:	0c 00 00 88 	l.bnf 2734 <_malloc_r+0x33c>
    2518:	bc 47 00 04 	l.sfgtui r7,0x4
    251c:	10 00 01 55 	l.bf 2a70 <_malloc_r+0x678>
    2520:	bc 47 00 14 	l.sfgtui r7,0x14
    2524:	b8 ee 00 46 	l.srli r7,r14,0x6
    2528:	9c e7 00 38 	l.addi r7,r7,0x38
    252c:	b8 67 00 03 	l.slli r3,r7,0x3
    2530:	19 60 00 00 	l.movhi r11,0x0
    2534:	a9 6b 64 1c 	l.ori r11,r11,0x641c
    2538:	e0 63 58 00 	l.add r3,r3,r11
    253c:	84 43 00 0c 	l.lwz r2,0xc(r3)
    2540:	e4 03 10 00 	l.sfeq r3,r2
    2544:	10 00 00 19 	l.bf 25a8 <_malloc_r+0x1b0>
    2548:	aa 4b 00 00 	l.ori r18,r11,0x0
    254c:	9c a0 ff fc 	l.addi r5,r0,0xfffffffc
    2550:	84 82 00 04 	l.lwz r4,0x4(r2)
    2554:	e0 84 28 03 	l.and r4,r4,r5
    2558:	e0 a4 70 02 	l.sub r5,r4,r14
    255c:	bd 45 00 0f 	l.sfgtsi r5,0xf
    2560:	10 00 00 b9 	l.bf 2844 <_malloc_r+0x44c>
    2564:	bd 65 00 00 	l.sfgesi r5,0x0
    2568:	0c 00 00 0c 	l.bnf 2598 <_malloc_r+0x1a0>
    256c:	15 00 00 00 	l.nop 0x0
    2570:	00 00 00 b8 	l.j 2850 <_malloc_r+0x458>
    2574:	e0 82 20 00 	l.add r4,r2,r4
    2578:	84 82 00 04 	l.lwz r4,0x4(r2)
    257c:	e0 84 58 03 	l.and r4,r4,r11
    2580:	e0 a4 70 02 	l.sub r5,r4,r14
    2584:	bd a5 00 0f 	l.sflesi r5,0xf
    2588:	0c 00 00 af 	l.bnf 2844 <_malloc_r+0x44c>
    258c:	bd 85 00 00 	l.sfltsi r5,0x0
    2590:	0c 00 00 af 	l.bnf 284c <_malloc_r+0x454>
    2594:	15 00 00 00 	l.nop 0x0
    2598:	84 42 00 0c 	l.lwz r2,0xc(r2)
    259c:	e4 23 10 00 	l.sfne r3,r2
    25a0:	13 ff ff f6 	l.bf 2578 <_malloc_r+0x180>
    25a4:	9d 60 ff fc 	l.addi r11,r0,0xfffffffc
    25a8:	9c e7 00 01 	l.addi r7,r7,0x1
    25ac:	18 c0 00 00 	l.movhi r6,0x0
    25b0:	a8 c6 64 24 	l.ori r6,r6,0x6424
    25b4:	84 46 00 08 	l.lwz r2,0x8(r6)
    25b8:	e4 26 10 00 	l.sfne r6,r2
    25bc:	0c 00 00 7f 	l.bnf 27b8 <_malloc_r+0x3c0>
    25c0:	9c 60 ff fc 	l.addi r3,r0,0xfffffffc
    25c4:	84 82 00 04 	l.lwz r4,0x4(r2)
    25c8:	e0 84 18 03 	l.and r4,r4,r3
    25cc:	e0 64 70 02 	l.sub r3,r4,r14
    25d0:	bd a3 00 0f 	l.sflesi r3,0xf
    25d4:	0c 00 01 2f 	l.bnf 2a90 <_malloc_r+0x698>
    25d8:	bd 83 00 00 	l.sfltsi r3,0x0
    25dc:	d4 06 30 0c 	l.sw 0xc(r6),r6
    25e0:	0c 00 00 a7 	l.bnf 287c <_malloc_r+0x484>
    25e4:	d4 06 30 08 	l.sw 0x8(r6),r6
    25e8:	bc 44 01 ff 	l.sfgtui r4,0x1ff
    25ec:	10 00 00 55 	l.bf 2740 <_malloc_r+0x348>
    25f0:	b8 64 00 49 	l.srli r3,r4,0x9
    25f4:	b8 64 00 43 	l.srli r3,r4,0x3
    25f8:	9d 00 00 01 	l.addi r8,r0,0x1
    25fc:	84 92 00 04 	l.lwz r4,0x4(r18)
    2600:	b8 a3 00 82 	l.srai r5,r3,0x2
    2604:	b8 63 00 03 	l.slli r3,r3,0x3
    2608:	e1 08 28 08 	l.sll r8,r8,r5
    260c:	18 a0 00 00 	l.movhi r5,0x0
    2610:	a8 a5 64 1c 	l.ori r5,r5,0x641c
    2614:	e0 88 20 04 	l.or r4,r8,r4
    2618:	e0 63 28 00 	l.add r3,r3,r5
    261c:	d4 12 20 04 	l.sw 0x4(r18),r4
    2620:	84 a3 00 08 	l.lwz r5,0x8(r3)
    2624:	d4 02 18 0c 	l.sw 0xc(r2),r3
    2628:	d4 02 28 08 	l.sw 0x8(r2),r5
    262c:	d4 03 10 08 	l.sw 0x8(r3),r2
    2630:	d4 05 10 0c 	l.sw 0xc(r5),r2
    2634:	b8 47 00 82 	l.srai r2,r7,0x2
    2638:	9c 60 00 01 	l.addi r3,r0,0x1
    263c:	e0 63 10 08 	l.sll r3,r3,r2
    2640:	e4 43 20 00 	l.sfgtu r3,r4
    2644:	10 00 00 64 	l.bf 27d4 <_malloc_r+0x3dc>
    2648:	e0 44 18 03 	l.and r2,r4,r3
    264c:	bc 22 00 00 	l.sfnei r2,0x0
    2650:	10 00 00 0d 	l.bf 2684 <_malloc_r+0x28c>
    2654:	9c 40 ff fc 	l.addi r2,r0,0xfffffffc
    2658:	e0 63 18 00 	l.add r3,r3,r3
    265c:	e0 e7 10 03 	l.and r7,r7,r2
    2660:	e0 44 18 03 	l.and r2,r4,r3
    2664:	bc 22 00 00 	l.sfnei r2,0x0
    2668:	10 00 00 07 	l.bf 2684 <_malloc_r+0x28c>
    266c:	9c e7 00 04 	l.addi r7,r7,0x4
    2670:	e0 63 18 00 	l.add r3,r3,r3
    2674:	e0 43 20 03 	l.and r2,r3,r4
    2678:	bc 02 00 00 	l.sfeqi r2,0x0
    267c:	13 ff ff fd 	l.bf 2670 <_malloc_r+0x278>
    2680:	9c e7 00 04 	l.addi r7,r7,0x4
    2684:	18 80 00 00 	l.movhi r4,0x0
    2688:	b9 87 00 03 	l.slli r12,r7,0x3
    268c:	a8 84 64 1c 	l.ori r4,r4,0x641c
    2690:	a9 67 00 00 	l.ori r11,r7,0x0
    2694:	e1 8c 20 00 	l.add r12,r12,r4
    2698:	a9 0c 00 00 	l.ori r8,r12,0x0
    269c:	84 48 00 0c 	l.lwz r2,0xc(r8)
    26a0:	e4 08 10 00 	l.sfeq r8,r2
    26a4:	10 00 00 19 	l.bf 2708 <_malloc_r+0x310>
    26a8:	9c 80 ff fc 	l.addi r4,r0,0xfffffffc
    26ac:	84 a2 00 04 	l.lwz r5,0x4(r2)
    26b0:	e0 a5 20 03 	l.and r5,r5,r4
    26b4:	e0 85 70 02 	l.sub r4,r5,r14
    26b8:	bd 44 00 0f 	l.sfgtsi r4,0xf
    26bc:	10 00 01 0b 	l.bf 2ae8 <_malloc_r+0x6f0>
    26c0:	bd 64 00 00 	l.sfgesi r4,0x0
    26c4:	0c 00 00 0d 	l.bnf 26f8 <_malloc_r+0x300>
    26c8:	15 00 00 00 	l.nop 0x0
    26cc:	00 00 01 1b 	l.j 2b38 <_malloc_r+0x740>
    26d0:	e0 a2 28 00 	l.add r5,r2,r5
    26d4:	9c 80 ff fc 	l.addi r4,r0,0xfffffffc
    26d8:	84 a2 00 04 	l.lwz r5,0x4(r2)
    26dc:	e0 a5 20 03 	l.and r5,r5,r4
    26e0:	e0 85 70 02 	l.sub r4,r5,r14
    26e4:	bd a4 00 0f 	l.sflesi r4,0xf
    26e8:	0c 00 01 00 	l.bnf 2ae8 <_malloc_r+0x6f0>
    26ec:	bd 84 00 00 	l.sfltsi r4,0x0
    26f0:	0c 00 01 11 	l.bnf 2b34 <_malloc_r+0x73c>
    26f4:	15 00 00 00 	l.nop 0x0
    26f8:	84 42 00 0c 	l.lwz r2,0xc(r2)
    26fc:	e4 28 10 00 	l.sfne r8,r2
    2700:	13 ff ff f5 	l.bf 26d4 <_malloc_r+0x2dc>
    2704:	15 00 00 00 	l.nop 0x0
    2708:	9d 6b 00 01 	l.addi r11,r11,0x1
    270c:	a4 4b 00 03 	l.andi r2,r11,0x3
    2710:	bc 22 00 00 	l.sfnei r2,0x0
    2714:	0c 00 01 42 	l.bnf 2c1c <_malloc_r+0x824>
    2718:	9d 08 00 08 	l.addi r8,r8,0x8
    271c:	03 ff ff e1 	l.j 26a0 <_malloc_r+0x2a8>
    2720:	84 48 00 0c 	l.lwz r2,0xc(r8)
    2724:	9c 40 00 0c 	l.addi r2,r0,0xc
    2728:	9d 60 00 00 	l.addi r11,r0,0x0
    272c:	03 ff ff 6a 	l.j 24d4 <_malloc_r+0xdc>
    2730:	d4 10 10 00 	l.sw 0x0(r16),r2
    2734:	b8 ee 00 43 	l.srli r7,r14,0x3
    2738:	03 ff ff 7e 	l.j 2530 <_malloc_r+0x138>
    273c:	b8 67 00 03 	l.slli r3,r7,0x3
    2740:	bc 43 00 04 	l.sfgtui r3,0x4
    2744:	10 00 01 0b 	l.bf 2b70 <_malloc_r+0x778>
    2748:	bc 43 00 14 	l.sfgtui r3,0x14
    274c:	b9 04 00 46 	l.srli r8,r4,0x6
    2750:	9d 08 00 38 	l.addi r8,r8,0x38
    2754:	19 60 00 00 	l.movhi r11,0x0
    2758:	b8 a8 00 03 	l.slli r5,r8,0x3
    275c:	a9 6b 64 1c 	l.ori r11,r11,0x641c
    2760:	e0 a5 58 00 	l.add r5,r5,r11
    2764:	84 65 00 08 	l.lwz r3,0x8(r5)
    2768:	e4 03 28 00 	l.sfeq r3,r5
    276c:	0c 00 00 08 	l.bnf 278c <_malloc_r+0x394>
    2770:	b9 08 00 82 	l.srai r8,r8,0x2
    2774:	00 00 01 14 	l.j 2bc4 <_malloc_r+0x7cc>
    2778:	9c 80 00 01 	l.addi r4,r0,0x1
    277c:	84 63 00 08 	l.lwz r3,0x8(r3)
    2780:	e4 05 18 00 	l.sfeq r5,r3
    2784:	10 00 00 08 	l.bf 27a4 <_malloc_r+0x3ac>
    2788:	15 00 00 00 	l.nop 0x0
    278c:	85 03 00 04 	l.lwz r8,0x4(r3)
    2790:	9d 60 ff fc 	l.addi r11,r0,0xfffffffc
    2794:	e1 08 58 03 	l.and r8,r8,r11
    2798:	e4 84 40 00 	l.sfltu r4,r8
    279c:	13 ff ff f8 	l.bf 277c <_malloc_r+0x384>
    27a0:	15 00 00 00 	l.nop 0x0
    27a4:	84 83 00 0c 	l.lwz r4,0xc(r3)
    27a8:	d4 02 20 0c 	l.sw 0xc(r2),r4
    27ac:	d4 02 18 08 	l.sw 0x8(r2),r3
    27b0:	d4 04 10 08 	l.sw 0x8(r4),r2
    27b4:	d4 03 10 0c 	l.sw 0xc(r3),r2
    27b8:	b8 47 00 82 	l.srai r2,r7,0x2
    27bc:	9c 60 00 01 	l.addi r3,r0,0x1
    27c0:	84 92 00 04 	l.lwz r4,0x4(r18)
    27c4:	e0 63 10 08 	l.sll r3,r3,r2
    27c8:	e4 43 20 00 	l.sfgtu r3,r4
    27cc:	0f ff ff a0 	l.bnf 264c <_malloc_r+0x254>
    27d0:	e0 44 18 03 	l.and r2,r4,r3
    27d4:	84 52 00 08 	l.lwz r2,0x8(r18)
    27d8:	9c a0 ff fc 	l.addi r5,r0,0xfffffffc
    27dc:	86 82 00 04 	l.lwz r20,0x4(r2)
    27e0:	e2 94 28 03 	l.and r20,r20,r5
    27e4:	e0 74 70 02 	l.sub r3,r20,r14
    27e8:	bd a3 00 0f 	l.sflesi r3,0xf
    27ec:	10 00 00 03 	l.bf 27f8 <_malloc_r+0x400>
    27f0:	9c 80 00 01 	l.addi r4,r0,0x1
    27f4:	9c 80 00 00 	l.addi r4,r0,0x0
    27f8:	a4 84 00 ff 	l.andi r4,r4,0xff
    27fc:	bc 24 00 00 	l.sfnei r4,0x0
    2800:	10 00 00 27 	l.bf 289c <_malloc_r+0x4a4>
    2804:	e4 4e a0 00 	l.sfgtu r14,r20
    2808:	0c 00 00 de 	l.bnf 2b80 <_malloc_r+0x788>
    280c:	9c a0 00 01 	l.addi r5,r0,0x1
    2810:	a4 a5 00 ff 	l.andi r5,r5,0xff
    2814:	bc 05 00 00 	l.sfeqi r5,0x0
    2818:	0c 00 00 21 	l.bnf 289c <_malloc_r+0x4a4>
    281c:	a8 8e 00 01 	l.ori r4,r14,0x1
    2820:	a8 63 00 01 	l.ori r3,r3,0x1
    2824:	e1 c2 70 00 	l.add r14,r2,r14
    2828:	d4 02 20 04 	l.sw 0x4(r2),r4
    282c:	d4 0e 18 04 	l.sw 0x4(r14),r3
    2830:	d4 12 70 08 	l.sw 0x8(r18),r14
    2834:	04 00 01 43 	l.jal 2d40 <__malloc_unlock>
    2838:	a8 70 00 00 	l.ori r3,r16,0x0
    283c:	03 ff ff 26 	l.j 24d4 <_malloc_r+0xdc>
    2840:	9d 62 00 08 	l.addi r11,r2,0x8
    2844:	03 ff ff 59 	l.j 25a8 <_malloc_r+0x1b0>
    2848:	9c e7 ff ff 	l.addi r7,r7,0xffffffff
    284c:	e0 82 20 00 	l.add r4,r2,r4
    2850:	84 62 00 0c 	l.lwz r3,0xc(r2)
    2854:	84 a4 00 04 	l.lwz r5,0x4(r4)
    2858:	84 c2 00 08 	l.lwz r6,0x8(r2)
    285c:	a8 a5 00 01 	l.ori r5,r5,0x1
    2860:	d4 06 18 0c 	l.sw 0xc(r6),r3
    2864:	d4 03 30 08 	l.sw 0x8(r3),r6
    2868:	d4 04 28 04 	l.sw 0x4(r4),r5
    286c:	04 00 01 35 	l.jal 2d40 <__malloc_unlock>
    2870:	a8 70 00 00 	l.ori r3,r16,0x0
    2874:	03 ff ff 18 	l.j 24d4 <_malloc_r+0xdc>
    2878:	9d 62 00 08 	l.addi r11,r2,0x8
    287c:	e0 82 20 00 	l.add r4,r2,r4
    2880:	a8 70 00 00 	l.ori r3,r16,0x0
    2884:	84 a4 00 04 	l.lwz r5,0x4(r4)
    2888:	a8 a5 00 01 	l.ori r5,r5,0x1
    288c:	04 00 01 2d 	l.jal 2d40 <__malloc_unlock>
    2890:	d4 04 28 04 	l.sw 0x4(r4),r5
    2894:	03 ff ff 10 	l.j 24d4 <_malloc_r+0xdc>
    2898:	9d 62 00 08 	l.addi r11,r2,0x8
    289c:	18 60 00 00 	l.movhi r3,0x0
    28a0:	1b 80 00 00 	l.movhi r28,0x0
    28a4:	a8 63 69 c4 	l.ori r3,r3,0x69c4
    28a8:	ab 9c 68 28 	l.ori r28,r28,0x6828
    28ac:	86 c3 00 00 	l.lwz r22,0x0(r3)
    28b0:	84 7c 00 00 	l.lwz r3,0x0(r28)
    28b4:	9e d6 00 10 	l.addi r22,r22,0x10
    28b8:	bc 03 ff ff 	l.sfeqi r3,0xffffffff
    28bc:	10 00 00 05 	l.bf 28d0 <_malloc_r+0x4d8>
    28c0:	e2 d6 70 00 	l.add r22,r22,r14
    28c4:	9e d6 0f ff 	l.addi r22,r22,0xfff
    28c8:	9d 60 f0 00 	l.addi r11,r0,0xfffff000
    28cc:	e2 d6 58 03 	l.and r22,r22,r11
    28d0:	a8 70 00 00 	l.ori r3,r16,0x0
    28d4:	04 00 02 40 	l.jal 31d4 <_sbrk_r>
    28d8:	a8 96 00 00 	l.ori r4,r22,0x0
    28dc:	bc 2b ff ff 	l.sfnei r11,0xffffffff
    28e0:	0c 00 00 ec 	l.bnf 2c90 <_malloc_r+0x898>
    28e4:	ab 0b 00 00 	l.ori r24,r11,0x0
    28e8:	e0 82 a0 00 	l.add r4,r2,r20
    28ec:	e4 a4 58 00 	l.sfleu r4,r11
    28f0:	0c 00 00 a6 	l.bnf 2b88 <_malloc_r+0x790>
    28f4:	18 a0 00 00 	l.movhi r5,0x0
    28f8:	1b 40 00 00 	l.movhi r26,0x0
    28fc:	e4 24 58 00 	l.sfne r4,r11
    2900:	ab 5a 69 d0 	l.ori r26,r26,0x69d0
    2904:	84 7a 00 00 	l.lwz r3,0x0(r26)
    2908:	e0 76 18 00 	l.add r3,r22,r3
    290c:	0c 00 00 eb 	l.bnf 2cb8 <_malloc_r+0x8c0>
    2910:	d4 1a 18 00 	l.sw 0x0(r26),r3
    2914:	84 bc 00 00 	l.lwz r5,0x0(r28)
    2918:	bc 25 ff ff 	l.sfnei r5,0xffffffff
    291c:	0c 00 00 f9 	l.bnf 2d00 <_malloc_r+0x908>
    2920:	e0 6b 18 00 	l.add r3,r11,r3
    2924:	e0 83 20 02 	l.sub r4,r3,r4
    2928:	d4 1a 20 00 	l.sw 0x0(r26),r4
    292c:	a4 6b 00 07 	l.andi r3,r11,0x7
    2930:	bc 03 00 00 	l.sfeqi r3,0x0
    2934:	10 00 00 06 	l.bf 294c <_malloc_r+0x554>
    2938:	9c 80 10 00 	l.addi r4,r0,0x1000
    293c:	9c 80 00 08 	l.addi r4,r0,0x8
    2940:	e0 64 18 02 	l.sub r3,r4,r3
    2944:	e3 0b 18 00 	l.add r24,r11,r3
    2948:	9c 83 10 00 	l.addi r4,r3,0x1000
    294c:	e2 d8 b0 00 	l.add r22,r24,r22
    2950:	a8 70 00 00 	l.ori r3,r16,0x0
    2954:	a6 d6 0f ff 	l.andi r22,r22,0xfff
    2958:	e2 c4 b0 02 	l.sub r22,r4,r22
    295c:	04 00 02 1e 	l.jal 31d4 <_sbrk_r>
    2960:	a8 96 00 00 	l.ori r4,r22,0x0
    2964:	bc 0b ff ff 	l.sfeqi r11,0xffffffff
    2968:	10 00 00 e4 	l.bf 2cf8 <_malloc_r+0x900>
    296c:	9c 80 00 01 	l.addi r4,r0,0x1
    2970:	e0 8b c0 02 	l.sub r4,r11,r24
    2974:	e0 84 b0 00 	l.add r4,r4,r22
    2978:	a8 84 00 01 	l.ori r4,r4,0x1
    297c:	84 7a 00 00 	l.lwz r3,0x0(r26)
    2980:	d4 18 20 04 	l.sw 0x4(r24),r4
    2984:	e0 76 18 00 	l.add r3,r22,r3
    2988:	18 80 00 00 	l.movhi r4,0x0
    298c:	d4 12 c0 08 	l.sw 0x8(r18),r24
    2990:	a8 84 64 1c 	l.ori r4,r4,0x641c
    2994:	e4 02 20 00 	l.sfeq r2,r4
    2998:	10 00 00 11 	l.bf 29dc <_malloc_r+0x5e4>
    299c:	d4 1a 18 00 	l.sw 0x0(r26),r3
    29a0:	bc 54 00 0f 	l.sfgtui r20,0xf
    29a4:	0c 00 00 99 	l.bnf 2c08 <_malloc_r+0x810>
    29a8:	9c a0 ff f8 	l.addi r5,r0,0xfffffff8
    29ac:	9c 94 ff f4 	l.addi r4,r20,0xfffffff4
    29b0:	9c c0 00 05 	l.addi r6,r0,0x5
    29b4:	e0 84 28 03 	l.and r4,r4,r5
    29b8:	e0 a2 20 00 	l.add r5,r2,r4
    29bc:	bc a4 00 0f 	l.sfleui r4,0xf
    29c0:	d4 05 30 04 	l.sw 0x4(r5),r6
    29c4:	d4 05 30 08 	l.sw 0x8(r5),r6
    29c8:	84 a2 00 04 	l.lwz r5,0x4(r2)
    29cc:	a4 a5 00 01 	l.andi r5,r5,0x1
    29d0:	e0 84 28 04 	l.or r4,r4,r5
    29d4:	0c 00 00 c2 	l.bnf 2cdc <_malloc_r+0x8e4>
    29d8:	d4 02 20 04 	l.sw 0x4(r2),r4
    29dc:	18 40 00 00 	l.movhi r2,0x0
    29e0:	a8 42 69 c8 	l.ori r2,r2,0x69c8
    29e4:	84 82 00 00 	l.lwz r4,0x0(r2)
    29e8:	e4 a3 20 00 	l.sfleu r3,r4
    29ec:	10 00 00 03 	l.bf 29f8 <_malloc_r+0x600>
    29f0:	18 80 00 00 	l.movhi r4,0x0
    29f4:	d4 02 18 00 	l.sw 0x0(r2),r3
    29f8:	a8 84 69 cc 	l.ori r4,r4,0x69cc
    29fc:	84 44 00 00 	l.lwz r2,0x0(r4)
    2a00:	e4 43 10 00 	l.sfgtu r3,r2
    2a04:	0c 00 00 65 	l.bnf 2b98 <_malloc_r+0x7a0>
    2a08:	15 00 00 00 	l.nop 0x0
    2a0c:	d4 04 18 00 	l.sw 0x0(r4),r3
    2a10:	84 52 00 08 	l.lwz r2,0x8(r18)
    2a14:	9c 60 ff fc 	l.addi r3,r0,0xfffffffc
    2a18:	84 82 00 04 	l.lwz r4,0x4(r2)
    2a1c:	e0 84 18 03 	l.and r4,r4,r3
    2a20:	e0 64 70 02 	l.sub r3,r4,r14
    2a24:	bd a3 00 0f 	l.sflesi r3,0xf
    2a28:	10 00 00 03 	l.bf 2a34 <_malloc_r+0x63c>
    2a2c:	9c a0 00 01 	l.addi r5,r0,0x1
    2a30:	9c a0 00 00 	l.addi r5,r0,0x0
    2a34:	a4 a5 00 ff 	l.andi r5,r5,0xff
    2a38:	bc 25 00 00 	l.sfnei r5,0x0
    2a3c:	10 00 00 09 	l.bf 2a60 <_malloc_r+0x668>
    2a40:	e4 4e 20 00 	l.sfgtu r14,r4
    2a44:	10 00 00 03 	l.bf 2a50 <_malloc_r+0x658>
    2a48:	9c c0 00 01 	l.addi r6,r0,0x1
    2a4c:	a8 c5 00 00 	l.ori r6,r5,0x0
    2a50:	a4 c6 00 ff 	l.andi r6,r6,0xff
    2a54:	bc 06 00 00 	l.sfeqi r6,0x0
    2a58:	13 ff ff 72 	l.bf 2820 <_malloc_r+0x428>
    2a5c:	a8 8e 00 01 	l.ori r4,r14,0x1
    2a60:	04 00 00 b8 	l.jal 2d40 <__malloc_unlock>
    2a64:	a8 70 00 00 	l.ori r3,r16,0x0
    2a68:	03 ff fe 9b 	l.j 24d4 <_malloc_r+0xdc>
    2a6c:	9d 60 00 00 	l.addi r11,r0,0x0
    2a70:	0c 00 00 3d 	l.bnf 2b64 <_malloc_r+0x76c>
    2a74:	bc 47 00 54 	l.sfgtui r7,0x54
    2a78:	10 00 00 4d 	l.bf 2bac <_malloc_r+0x7b4>
    2a7c:	bc 47 01 54 	l.sfgtui r7,0x154
    2a80:	b8 ee 00 4c 	l.srli r7,r14,0xc
    2a84:	9c e7 00 6e 	l.addi r7,r7,0x6e
    2a88:	03 ff fe aa 	l.j 2530 <_malloc_r+0x138>
    2a8c:	b8 67 00 03 	l.slli r3,r7,0x3
    2a90:	e0 82 70 00 	l.add r4,r2,r14
    2a94:	a9 ce 00 01 	l.ori r14,r14,0x1
    2a98:	a8 e3 00 01 	l.ori r7,r3,0x1
    2a9c:	e0 a4 18 00 	l.add r5,r4,r3
    2aa0:	d4 02 70 04 	l.sw 0x4(r2),r14
    2aa4:	d4 06 20 0c 	l.sw 0xc(r6),r4
    2aa8:	d4 06 20 08 	l.sw 0x8(r6),r4
    2aac:	d4 05 18 00 	l.sw 0x0(r5),r3
    2ab0:	d4 04 30 0c 	l.sw 0xc(r4),r6
    2ab4:	d4 04 30 08 	l.sw 0x8(r4),r6
    2ab8:	d4 04 38 04 	l.sw 0x4(r4),r7
    2abc:	04 00 00 a1 	l.jal 2d40 <__malloc_unlock>
    2ac0:	a8 70 00 00 	l.ori r3,r16,0x0
    2ac4:	03 ff fe 84 	l.j 24d4 <_malloc_r+0xdc>
    2ac8:	9d 62 00 08 	l.addi r11,r2,0x8
    2acc:	9c 62 00 08 	l.addi r3,r2,0x8
    2ad0:	84 43 00 0c 	l.lwz r2,0xc(r3)
    2ad4:	e4 03 10 00 	l.sfeq r3,r2
    2ad8:	0f ff fe 71 	l.bnf 249c <_malloc_r+0xa4>
    2adc:	9c e7 00 02 	l.addi r7,r7,0x2
    2ae0:	03 ff fe b4 	l.j 25b0 <_malloc_r+0x1b8>
    2ae4:	18 c0 00 00 	l.movhi r6,0x0
    2ae8:	e0 62 70 00 	l.add r3,r2,r14
    2aec:	84 a2 00 0c 	l.lwz r5,0xc(r2)
    2af0:	84 e2 00 08 	l.lwz r7,0x8(r2)
    2af4:	a9 ce 00 01 	l.ori r14,r14,0x1
    2af8:	d4 07 28 0c 	l.sw 0xc(r7),r5
    2afc:	d4 05 38 08 	l.sw 0x8(r5),r7
    2b00:	e0 a3 20 00 	l.add r5,r3,r4
    2b04:	a8 e4 00 01 	l.ori r7,r4,0x1
    2b08:	d4 06 18 0c 	l.sw 0xc(r6),r3
    2b0c:	d4 06 18 08 	l.sw 0x8(r6),r3
    2b10:	d4 02 70 04 	l.sw 0x4(r2),r14
    2b14:	d4 03 30 0c 	l.sw 0xc(r3),r6
    2b18:	d4 03 30 08 	l.sw 0x8(r3),r6
    2b1c:	d4 03 38 04 	l.sw 0x4(r3),r7
    2b20:	d4 05 20 00 	l.sw 0x0(r5),r4
    2b24:	04 00 00 87 	l.jal 2d40 <__malloc_unlock>
    2b28:	a8 70 00 00 	l.ori r3,r16,0x0
    2b2c:	03 ff fe 6a 	l.j 24d4 <_malloc_r+0xdc>
    2b30:	9d 62 00 08 	l.addi r11,r2,0x8
    2b34:	e0 a2 28 00 	l.add r5,r2,r5
    2b38:	84 62 00 0c 	l.lwz r3,0xc(r2)
    2b3c:	84 c5 00 04 	l.lwz r6,0x4(r5)
    2b40:	84 82 00 08 	l.lwz r4,0x8(r2)
    2b44:	a8 c6 00 01 	l.ori r6,r6,0x1
    2b48:	d4 04 18 0c 	l.sw 0xc(r4),r3
    2b4c:	d4 03 20 08 	l.sw 0x8(r3),r4
    2b50:	d4 05 30 04 	l.sw 0x4(r5),r6
    2b54:	04 00 00 7b 	l.jal 2d40 <__malloc_unlock>
    2b58:	a8 70 00 00 	l.ori r3,r16,0x0
    2b5c:	03 ff fe 5e 	l.j 24d4 <_malloc_r+0xdc>
    2b60:	9d 62 00 08 	l.addi r11,r2,0x8
    2b64:	9c e7 00 5b 	l.addi r7,r7,0x5b
    2b68:	03 ff fe 72 	l.j 2530 <_malloc_r+0x138>
    2b6c:	b8 67 00 03 	l.slli r3,r7,0x3
    2b70:	10 00 00 21 	l.bf 2bf4 <_malloc_r+0x7fc>
    2b74:	bc 43 00 54 	l.sfgtui r3,0x54
    2b78:	03 ff fe f7 	l.j 2754 <_malloc_r+0x35c>
    2b7c:	9d 03 00 5b 	l.addi r8,r3,0x5b
    2b80:	03 ff ff 24 	l.j 2810 <_malloc_r+0x418>
    2b84:	a8 a4 00 00 	l.ori r5,r4,0x0
    2b88:	a8 a5 64 1c 	l.ori r5,r5,0x641c
    2b8c:	e4 02 28 00 	l.sfeq r2,r5
    2b90:	13 ff ff 5a 	l.bf 28f8 <_malloc_r+0x500>
    2b94:	15 00 00 00 	l.nop 0x0
    2b98:	84 52 00 08 	l.lwz r2,0x8(r18)
    2b9c:	9d 60 ff fc 	l.addi r11,r0,0xfffffffc
    2ba0:	84 82 00 04 	l.lwz r4,0x4(r2)
    2ba4:	03 ff ff 9f 	l.j 2a20 <_malloc_r+0x628>
    2ba8:	e0 84 58 03 	l.and r4,r4,r11
    2bac:	10 00 00 0c 	l.bf 2bdc <_malloc_r+0x7e4>
    2bb0:	bc 47 05 54 	l.sfgtui r7,0x554
    2bb4:	b8 ee 00 4f 	l.srli r7,r14,0xf
    2bb8:	9c e7 00 77 	l.addi r7,r7,0x77
    2bbc:	03 ff fe 5d 	l.j 2530 <_malloc_r+0x138>
    2bc0:	b8 67 00 03 	l.slli r3,r7,0x3
    2bc4:	85 72 00 04 	l.lwz r11,0x4(r18)
    2bc8:	e0 a4 40 08 	l.sll r5,r4,r8
    2bcc:	a8 83 00 00 	l.ori r4,r3,0x0
    2bd0:	e0 ab 28 04 	l.or r5,r11,r5
    2bd4:	03 ff fe f5 	l.j 27a8 <_malloc_r+0x3b0>
    2bd8:	d4 12 28 04 	l.sw 0x4(r18),r5
    2bdc:	10 00 00 2a 	l.bf 2c84 <_malloc_r+0x88c>
    2be0:	15 00 00 00 	l.nop 0x0
    2be4:	b8 ee 00 52 	l.srli r7,r14,0x12
    2be8:	9c e7 00 7c 	l.addi r7,r7,0x7c
    2bec:	03 ff fe 51 	l.j 2530 <_malloc_r+0x138>
    2bf0:	b8 67 00 03 	l.slli r3,r7,0x3
    2bf4:	10 00 00 2c 	l.bf 2ca4 <_malloc_r+0x8ac>
    2bf8:	bc 43 01 54 	l.sfgtui r3,0x154
    2bfc:	b9 04 00 4c 	l.srli r8,r4,0xc
    2c00:	03 ff fe d5 	l.j 2754 <_malloc_r+0x35c>
    2c04:	9d 08 00 6e 	l.addi r8,r8,0x6e
    2c08:	9c 60 00 01 	l.addi r3,r0,0x1
    2c0c:	a8 58 00 00 	l.ori r2,r24,0x0
    2c10:	d4 18 18 04 	l.sw 0x4(r24),r3
    2c14:	03 ff ff 83 	l.j 2a20 <_malloc_r+0x628>
    2c18:	9c 80 00 00 	l.addi r4,r0,0x0
    2c1c:	a8 4c 00 00 	l.ori r2,r12,0x0
    2c20:	a4 a7 00 03 	l.andi r5,r7,0x3
    2c24:	bc 25 00 00 	l.sfnei r5,0x0
    2c28:	0c 00 00 3f 	l.bnf 2d24 <_malloc_r+0x92c>
    2c2c:	9c 82 ff f8 	l.addi r4,r2,0xfffffff8
    2c30:	84 42 00 00 	l.lwz r2,0x0(r2)
    2c34:	e4 22 20 00 	l.sfne r2,r4
    2c38:	0f ff ff fa 	l.bnf 2c20 <_malloc_r+0x828>
    2c3c:	9c e7 ff ff 	l.addi r7,r7,0xffffffff
    2c40:	e0 63 18 00 	l.add r3,r3,r3
    2c44:	84 52 00 04 	l.lwz r2,0x4(r18)
    2c48:	e4 43 10 00 	l.sfgtu r3,r2
    2c4c:	13 ff fe e2 	l.bf 27d4 <_malloc_r+0x3dc>
    2c50:	bc 03 00 00 	l.sfeqi r3,0x0
    2c54:	13 ff fe e0 	l.bf 27d4 <_malloc_r+0x3dc>
    2c58:	e0 83 10 03 	l.and r4,r3,r2
    2c5c:	bc 24 00 00 	l.sfnei r4,0x0
    2c60:	13 ff fe 89 	l.bf 2684 <_malloc_r+0x28c>
    2c64:	a8 eb 00 00 	l.ori r7,r11,0x0
    2c68:	e0 63 18 00 	l.add r3,r3,r3
    2c6c:	e0 83 10 03 	l.and r4,r3,r2
    2c70:	bc 04 00 00 	l.sfeqi r4,0x0
    2c74:	13 ff ff fd 	l.bf 2c68 <_malloc_r+0x870>
    2c78:	9d 6b 00 04 	l.addi r11,r11,0x4
    2c7c:	03 ff fe 82 	l.j 2684 <_malloc_r+0x28c>
    2c80:	a8 eb 00 00 	l.ori r7,r11,0x0
    2c84:	9c 60 03 f0 	l.addi r3,r0,0x3f0
    2c88:	03 ff fe 2a 	l.j 2530 <_malloc_r+0x138>
    2c8c:	9c e0 00 7e 	l.addi r7,r0,0x7e
    2c90:	84 52 00 08 	l.lwz r2,0x8(r18)
    2c94:	9c 60 ff fc 	l.addi r3,r0,0xfffffffc
    2c98:	84 82 00 04 	l.lwz r4,0x4(r2)
    2c9c:	03 ff ff 61 	l.j 2a20 <_malloc_r+0x628>
    2ca0:	e0 84 18 03 	l.and r4,r4,r3
    2ca4:	10 00 00 1b 	l.bf 2d10 <_malloc_r+0x918>
    2ca8:	bc 43 05 54 	l.sfgtui r3,0x554
    2cac:	b9 04 00 4f 	l.srli r8,r4,0xf
    2cb0:	03 ff fe a9 	l.j 2754 <_malloc_r+0x35c>
    2cb4:	9d 08 00 77 	l.addi r8,r8,0x77
    2cb8:	a4 a4 0f ff 	l.andi r5,r4,0xfff
    2cbc:	bc 25 00 00 	l.sfnei r5,0x0
    2cc0:	13 ff ff 15 	l.bf 2914 <_malloc_r+0x51c>
    2cc4:	15 00 00 00 	l.nop 0x0
    2cc8:	e0 56 a0 00 	l.add r2,r22,r20
    2ccc:	84 92 00 08 	l.lwz r4,0x8(r18)
    2cd0:	a8 42 00 01 	l.ori r2,r2,0x1
    2cd4:	03 ff ff 42 	l.j 29dc <_malloc_r+0x5e4>
    2cd8:	d4 04 10 04 	l.sw 0x4(r4),r2
    2cdc:	9c 82 00 08 	l.addi r4,r2,0x8
    2ce0:	18 40 00 00 	l.movhi r2,0x0
    2ce4:	a8 70 00 00 	l.ori r3,r16,0x0
    2ce8:	04 00 02 7b 	l.jal 36d4 <_free_r>
    2cec:	a8 42 69 d0 	l.ori r2,r2,0x69d0
    2cf0:	03 ff ff 3b 	l.j 29dc <_malloc_r+0x5e4>
    2cf4:	84 62 00 00 	l.lwz r3,0x0(r2)
    2cf8:	03 ff ff 21 	l.j 297c <_malloc_r+0x584>
    2cfc:	9e c0 00 00 	l.addi r22,r0,0x0
    2d00:	18 60 00 00 	l.movhi r3,0x0
    2d04:	a8 63 68 28 	l.ori r3,r3,0x6828
    2d08:	03 ff ff 09 	l.j 292c <_malloc_r+0x534>
    2d0c:	d4 03 58 00 	l.sw 0x0(r3),r11
    2d10:	13 ff fe 91 	l.bf 2754 <_malloc_r+0x35c>
    2d14:	9d 00 00 7e 	l.addi r8,r0,0x7e
    2d18:	b9 04 00 52 	l.srli r8,r4,0x12
    2d1c:	03 ff fe 8e 	l.j 2754 <_malloc_r+0x35c>
    2d20:	9d 08 00 7c 	l.addi r8,r8,0x7c
    2d24:	84 92 00 04 	l.lwz r4,0x4(r18)
    2d28:	ac 43 ff ff 	l.xori r2,r3,0xffffffff
    2d2c:	e0 44 10 03 	l.and r2,r4,r2
    2d30:	03 ff ff c4 	l.j 2c40 <_malloc_r+0x848>
    2d34:	d4 12 10 04 	l.sw 0x4(r18),r2

00002d38 <__malloc_lock>:
    2d38:	44 00 48 00 	l.jr r9
    2d3c:	15 00 00 00 	l.nop 0x0

00002d40 <__malloc_unlock>:
    2d40:	44 00 48 00 	l.jr r9
    2d44:	15 00 00 00 	l.nop 0x0

00002d48 <or1k_dmmu_enable>:
    2d48:	b4 60 00 11 	l.mfspr r3,r0,0x11
    2d4c:	a8 63 00 20 	l.ori r3,r3,0x20
    2d50:	c0 00 18 40 	l.mtspr r0,r3,0x40
    2d54:	c0 00 48 20 	l.mtspr r0,r9,0x20
    2d58:	24 00 00 00 	l.rfe 
    2d5c:	15 00 00 00 	l.nop 0x0

00002d60 <or1k_dmmu_disable>:
    2d60:	a8 60 00 20 	l.ori r3,r0,0x20
    2d64:	ac 83 ff ff 	l.xori r4,r3,0xffffffff
    2d68:	b4 60 00 11 	l.mfspr r3,r0,0x11
    2d6c:	e0 64 18 03 	l.and r3,r4,r3
    2d70:	c0 00 18 40 	l.mtspr r0,r3,0x40
    2d74:	c0 00 48 20 	l.mtspr r0,r9,0x20
    2d78:	24 00 00 00 	l.rfe 
    2d7c:	15 00 00 00 	l.nop 0x0

00002d80 <or1k_immu_enable>:
    2d80:	b4 60 00 11 	l.mfspr r3,r0,0x11
    2d84:	a8 63 00 40 	l.ori r3,r3,0x40
    2d88:	c0 00 18 40 	l.mtspr r0,r3,0x40
    2d8c:	c0 00 48 20 	l.mtspr r0,r9,0x20
    2d90:	24 00 00 00 	l.rfe 
    2d94:	15 00 00 00 	l.nop 0x0

00002d98 <or1k_immu_disable>:
    2d98:	a8 60 00 40 	l.ori r3,r0,0x40
    2d9c:	ac 83 ff ff 	l.xori r4,r3,0xffffffff
    2da0:	b4 60 00 11 	l.mfspr r3,r0,0x11
    2da4:	e0 64 18 03 	l.and r3,r4,r3
    2da8:	c0 00 18 40 	l.mtspr r0,r3,0x40
    2dac:	c0 00 48 20 	l.mtspr r0,r9,0x20
    2db0:	24 00 00 00 	l.rfe 
    2db4:	15 00 00 00 	l.nop 0x0

00002db8 <or1k_cache_init>:
    2db8:	b4 60 00 01 	l.mfspr r3,r0,0x1
    2dbc:	a4 83 00 04 	l.andi r4,r3,0x4
    2dc0:	e4 04 00 00 	l.sfeq r4,r0
    2dc4:	10 00 00 21 	l.bf 2e48 <or1k_cache_init+0x90>
    2dc8:	15 00 00 00 	l.nop 0x0
    2dcc:	b4 c0 00 11 	l.mfspr r6,r0,0x11
    2dd0:	9c a0 ff ff 	l.addi r5,r0,0xffffffff
    2dd4:	ac a5 00 10 	l.xori r5,r5,0x10
    2dd8:	e0 a6 28 03 	l.and r5,r6,r5
    2ddc:	c0 00 28 11 	l.mtspr r0,r5,0x11
    2de0:	b4 60 00 06 	l.mfspr r3,r0,0x6
    2de4:	a4 83 00 80 	l.andi r4,r3,0x80
    2de8:	b8 e4 00 47 	l.srli r7,r4,0x7
    2dec:	a9 00 00 10 	l.ori r8,r0,0x10
    2df0:	e1 c8 38 08 	l.sll r14,r8,r7
    2df4:	a4 83 00 78 	l.andi r4,r3,0x78
    2df8:	b8 e4 00 43 	l.srli r7,r4,0x3
    2dfc:	a9 00 00 01 	l.ori r8,r0,0x1
    2e00:	e1 a8 38 08 	l.sll r13,r8,r7
    2e04:	9c c0 00 00 	l.addi r6,r0,0x0
    2e08:	e0 ae 38 08 	l.sll r5,r14,r7
    2e0c:	c0 80 30 02 	l.mtspr r0,r6,0x2002
    2e10:	e4 26 28 00 	l.sfne r6,r5
    2e14:	13 ff ff fe 	l.bf 2e0c <or1k_cache_init+0x54>
    2e18:	e0 c6 70 00 	l.add r6,r6,r14
    2e1c:	b4 c0 00 11 	l.mfspr r6,r0,0x11
    2e20:	a8 c6 00 10 	l.ori r6,r6,0x10
    2e24:	c0 00 30 11 	l.mtspr r0,r6,0x11
    2e28:	15 00 00 00 	l.nop 0x0
    2e2c:	15 00 00 00 	l.nop 0x0
    2e30:	15 00 00 00 	l.nop 0x0
    2e34:	15 00 00 00 	l.nop 0x0
    2e38:	15 00 00 00 	l.nop 0x0
    2e3c:	15 00 00 00 	l.nop 0x0
    2e40:	15 00 00 00 	l.nop 0x0
    2e44:	15 00 00 00 	l.nop 0x0
    2e48:	b4 60 00 01 	l.mfspr r3,r0,0x1
    2e4c:	a4 83 00 02 	l.andi r4,r3,0x2
    2e50:	e4 04 00 00 	l.sfeq r4,r0
    2e54:	10 00 00 19 	l.bf 2eb8 <or1k_cache_init+0x100>
    2e58:	15 00 00 00 	l.nop 0x0
    2e5c:	b4 c0 00 11 	l.mfspr r6,r0,0x11
    2e60:	9c a0 ff ff 	l.addi r5,r0,0xffffffff
    2e64:	ac a5 00 08 	l.xori r5,r5,0x8
    2e68:	e0 a6 28 03 	l.and r5,r6,r5
    2e6c:	c0 00 28 11 	l.mtspr r0,r5,0x11
    2e70:	b4 60 00 05 	l.mfspr r3,r0,0x5
    2e74:	a4 83 00 80 	l.andi r4,r3,0x80
    2e78:	b8 e4 00 47 	l.srli r7,r4,0x7
    2e7c:	a9 00 00 10 	l.ori r8,r0,0x10
    2e80:	e1 c8 38 08 	l.sll r14,r8,r7
    2e84:	a4 83 00 78 	l.andi r4,r3,0x78
    2e88:	b8 e4 00 43 	l.srli r7,r4,0x3
    2e8c:	a9 00 00 01 	l.ori r8,r0,0x1
    2e90:	e1 a8 38 08 	l.sll r13,r8,r7
    2e94:	9c c0 00 00 	l.addi r6,r0,0x0
    2e98:	e0 ae 38 08 	l.sll r5,r14,r7
    2e9c:	c0 60 30 03 	l.mtspr r0,r6,0x1803
    2ea0:	e4 26 28 00 	l.sfne r6,r5
    2ea4:	13 ff ff fe 	l.bf 2e9c <or1k_cache_init+0xe4>
    2ea8:	e0 c6 70 00 	l.add r6,r6,r14
    2eac:	b4 c0 00 11 	l.mfspr r6,r0,0x11
    2eb0:	a8 c6 00 08 	l.ori r6,r6,0x8
    2eb4:	c0 00 30 11 	l.mtspr r0,r6,0x11
    2eb8:	44 00 48 00 	l.jr r9
    2ebc:	15 00 00 00 	l.nop 0x0

00002ec0 <or1k_icache_enable>:
    2ec0:	b5 a0 00 11 	l.mfspr r13,r0,0x11
    2ec4:	a9 ad 00 10 	l.ori r13,r13,0x10
    2ec8:	c0 00 68 11 	l.mtspr r0,r13,0x11
    2ecc:	15 00 00 00 	l.nop 0x0
    2ed0:	15 00 00 00 	l.nop 0x0
    2ed4:	15 00 00 00 	l.nop 0x0
    2ed8:	15 00 00 00 	l.nop 0x0
    2edc:	15 00 00 00 	l.nop 0x0
    2ee0:	44 00 48 00 	l.jr r9
    2ee4:	15 00 00 00 	l.nop 0x0

00002ee8 <or1k_icache_disble>:
    2ee8:	b5 a0 00 11 	l.mfspr r13,r0,0x11
    2eec:	9d 80 ff ff 	l.addi r12,r0,0xffffffff
    2ef0:	ad 8c 00 10 	l.xori r12,r12,0x10
    2ef4:	e1 8d 60 03 	l.and r12,r13,r12
    2ef8:	c0 00 60 11 	l.mtspr r0,r12,0x11
    2efc:	44 00 48 00 	l.jr r9
    2f00:	15 00 00 00 	l.nop 0x0

00002f04 <or1k_icache_flush>:
    2f04:	44 00 48 00 	l.jr r9
    2f08:	c0 80 18 02 	l.mtspr r0,r3,0x2002

00002f0c <or1k_dcache_enable>:
    2f0c:	b5 a0 00 11 	l.mfspr r13,r0,0x11
    2f10:	a9 ad 00 08 	l.ori r13,r13,0x8
    2f14:	c0 00 68 11 	l.mtspr r0,r13,0x11
    2f18:	15 00 00 00 	l.nop 0x0
    2f1c:	15 00 00 00 	l.nop 0x0
    2f20:	15 00 00 00 	l.nop 0x0
    2f24:	15 00 00 00 	l.nop 0x0
    2f28:	15 00 00 00 	l.nop 0x0
    2f2c:	44 00 48 00 	l.jr r9
    2f30:	15 00 00 00 	l.nop 0x0

00002f34 <or1k_dcache_disble>:
    2f34:	b5 a0 00 11 	l.mfspr r13,r0,0x11
    2f38:	9d 80 ff ff 	l.addi r12,r0,0xffffffff
    2f3c:	ad 8c 00 08 	l.xori r12,r12,0x8
    2f40:	e1 8d 60 03 	l.and r12,r13,r12
    2f44:	c0 00 60 11 	l.mtspr r0,r12,0x11
    2f48:	44 00 48 00 	l.jr r9
    2f4c:	15 00 00 00 	l.nop 0x0

00002f50 <or1k_dcache_flush>:
    2f50:	44 00 48 00 	l.jr r9
    2f54:	c0 60 18 03 	l.mtspr r0,r3,0x1803

00002f58 <or1k_interrupt_handler>:
    2f58:	9c 21 ff f4 	l.addi r1,r1,0xfffffff4
    2f5c:	d4 01 48 00 	l.sw 0x0(r1),r9
    2f60:	b4 60 48 02 	l.mfspr r3,r0,0x4802
    2f64:	18 e0 00 00 	l.movhi r7,0x0
    2f68:	a8 e7 68 2c 	l.ori r7,r7,0x682c
    2f6c:	19 00 ff ff 	l.movhi r8,0xffff
    2f70:	a9 08 ff ff 	l.ori r8,r8,0xffff
    2f74:	19 80 00 00 	l.movhi r12,0x0
    2f78:	a9 8c 68 ac 	l.ori r12,r12,0x68ac
    2f7c:	e0 83 00 0f 	l.ff1 r4,r3
    2f80:	e4 24 00 00 	l.sfne r4,r0
    2f84:	0c 00 00 14 	l.bnf 2fd4 <or1k_interrupt_handler+0x7c>
    2f88:	15 00 00 00 	l.nop 0x0
    2f8c:	9c a4 ff ff 	l.addi r5,r4,0xffffffff
    2f90:	b8 c5 00 02 	l.slli r6,r5,0x2
    2f94:	e0 c6 38 00 	l.add r6,r6,r7
    2f98:	e1 a6 60 00 	l.add r13,r6,r12
    2f9c:	84 c6 00 00 	l.lwz r6,0x0(r6)
    2fa0:	e4 26 40 00 	l.sfne r6,r8
    2fa4:	0c 00 00 08 	l.bnf 2fc4 <or1k_interrupt_handler+0x6c>
    2fa8:	15 00 00 00 	l.nop 0x0
    2fac:	d4 01 18 04 	l.sw 0x4(r1),r3
    2fb0:	84 6d 00 00 	l.lwz r3,0x0(r13)
    2fb4:	48 00 28 00 	l.jalr r5
    2fb8:	d4 01 28 08 	l.sw 0x8(r1),r5
    2fbc:	84 61 00 04 	l.lwz r3,0x4(r1)
    2fc0:	84 a1 00 08 	l.lwz r5,0x8(r1)
    2fc4:	a8 c0 00 01 	l.ori r6,r0,0x1
    2fc8:	e0 c6 28 08 	l.sll r6,r6,r5
    2fcc:	03 ff ff ec 	l.j 2f7c <or1k_interrupt_handler+0x24>
    2fd0:	e0 63 30 05 	l.xor r3,r3,r6
    2fd4:	85 21 00 00 	l.lwz r9,0x0(r1)
    2fd8:	c1 20 18 02 	l.mtspr r0,r3,0x4802
    2fdc:	44 00 48 00 	l.jr r9
    2fe0:	9c 21 00 0c 	l.addi r1,r1,0xc

00002fe4 <or1k_interrupt_handler_add>:
    2fe4:	9c 21 ff fc 	l.addi r1,r1,0xfffffffc
    2fe8:	d4 01 30 00 	l.sw 0x0(r1),r6
    2fec:	b8 63 00 02 	l.slli r3,r3,0x2
    2ff0:	9c 63 ff fc 	l.addi r3,r3,0xfffffffc
    2ff4:	18 c0 00 00 	l.movhi r6,0x0
    2ff8:	a8 c6 68 2c 	l.ori r6,r6,0x682c
    2ffc:	e0 c6 18 00 	l.add r6,r6,r3
    3000:	d4 06 20 00 	l.sw 0x0(r6),r4
    3004:	18 c0 00 00 	l.movhi r6,0x0
    3008:	a8 c6 68 ac 	l.ori r6,r6,0x68ac
    300c:	e0 c6 18 00 	l.add r6,r6,r3
    3010:	d4 06 28 00 	l.sw 0x0(r6),r5
    3014:	84 c1 00 00 	l.lwz r6,0x0(r1)
    3018:	44 00 48 00 	l.jr r9
    301c:	9c 21 00 04 	l.addi r1,r1,0x4

00003020 <or1k_interrupt_enable>:
    3020:	9c 21 ff fc 	l.addi r1,r1,0xfffffffc
    3024:	d4 01 20 00 	l.sw 0x0(r1),r4
    3028:	a8 80 00 01 	l.ori r4,r0,0x1
    302c:	e0 84 18 08 	l.sll r4,r4,r3
    3030:	b4 60 48 00 	l.mfspr r3,r0,0x4800
    3034:	e0 63 20 04 	l.or r3,r3,r4
    3038:	c1 20 18 00 	l.mtspr r0,r3,0x4800
    303c:	84 81 00 00 	l.lwz r4,0x0(r1)
    3040:	44 00 48 00 	l.jr r9
    3044:	9c 21 00 04 	l.addi r1,r1,0x4

00003048 <or1k_interrupt_disable>:
    3048:	9c 21 ff fc 	l.addi r1,r1,0xfffffffc
    304c:	d4 01 20 00 	l.sw 0x0(r1),r4
    3050:	a8 80 00 01 	l.ori r4,r0,0x1
    3054:	e0 84 18 08 	l.sll r4,r4,r3
    3058:	ac 84 ff ff 	l.xori r4,r4,0xffffffff
    305c:	b4 60 48 00 	l.mfspr r3,r0,0x4800
    3060:	e0 63 20 03 	l.and r3,r3,r4
    3064:	c1 20 18 00 	l.mtspr r0,r3,0x4800
    3068:	84 81 00 00 	l.lwz r4,0x0(r1)
    306c:	44 00 48 00 	l.jr r9
    3070:	9c 21 00 04 	l.addi r1,r1,0x4

00003074 <or1k_exception_handler>:
    3074:	d4 01 10 00 	l.sw 0x0(r1),r2
    3078:	d4 01 28 0c 	l.sw 0xc(r1),r5
    307c:	d4 01 30 10 	l.sw 0x10(r1),r6
    3080:	d4 01 38 14 	l.sw 0x14(r1),r7
    3084:	d4 01 40 18 	l.sw 0x18(r1),r8
    3088:	d4 01 48 1c 	l.sw 0x1c(r1),r9
    308c:	d4 01 50 20 	l.sw 0x20(r1),r10
    3090:	d4 01 58 24 	l.sw 0x24(r1),r11
    3094:	d4 01 60 28 	l.sw 0x28(r1),r12
    3098:	d4 01 68 2c 	l.sw 0x2c(r1),r13
    309c:	d4 01 70 30 	l.sw 0x30(r1),r14
    30a0:	d4 01 78 34 	l.sw 0x34(r1),r15
    30a4:	d4 01 80 38 	l.sw 0x38(r1),r16
    30a8:	d4 01 88 3c 	l.sw 0x3c(r1),r17
    30ac:	d4 01 90 40 	l.sw 0x40(r1),r18
    30b0:	d4 01 98 44 	l.sw 0x44(r1),r19
    30b4:	d4 01 a0 48 	l.sw 0x48(r1),r20
    30b8:	d4 01 a8 4c 	l.sw 0x4c(r1),r21
    30bc:	d4 01 b0 50 	l.sw 0x50(r1),r22
    30c0:	d4 01 b8 54 	l.sw 0x54(r1),r23
    30c4:	d4 01 c0 58 	l.sw 0x58(r1),r24
    30c8:	d4 01 c8 5c 	l.sw 0x5c(r1),r25
    30cc:	d4 01 d0 60 	l.sw 0x60(r1),r26
    30d0:	d4 01 d8 64 	l.sw 0x64(r1),r27
    30d4:	d4 01 e0 68 	l.sw 0x68(r1),r28
    30d8:	d4 01 e8 6c 	l.sw 0x6c(r1),r29
    30dc:	d4 01 f0 70 	l.sw 0x70(r1),r30
    30e0:	d4 01 f8 74 	l.sw 0x74(r1),r31
    30e4:	a5 a3 ff ff 	l.andi r13,r3,0xffff
    30e8:	b9 ad 00 46 	l.srli r13,r13,0x6
    30ec:	9d ad ff f8 	l.addi r13,r13,0xfffffff8
    30f0:	19 c0 00 00 	l.movhi r14,0x0
    30f4:	a9 ce 69 2c 	l.ori r14,r14,0x692c
    30f8:	e1 ce 68 00 	l.add r14,r14,r13
    30fc:	85 ae 00 00 	l.lwz r13,0x0(r14)
    3100:	19 e0 ff ff 	l.movhi r15,0xffff
    3104:	a9 ef ff ff 	l.ori r15,r15,0xffff
    3108:	e4 2d 78 00 	l.sfne r13,r15
    310c:	0c 00 00 25 	l.bnf 31a0 <exception_exit>
    3110:	15 00 00 00 	l.nop 0x0
    3114:	48 00 68 00 	l.jalr r13
    3118:	e0 64 20 04 	l.or r3,r4,r4
    311c:	84 41 00 00 	l.lwz r2,0x0(r1)
    3120:	84 61 00 04 	l.lwz r3,0x4(r1)
    3124:	84 81 00 08 	l.lwz r4,0x8(r1)
    3128:	84 a1 00 0c 	l.lwz r5,0xc(r1)
    312c:	84 c1 00 10 	l.lwz r6,0x10(r1)
    3130:	84 e1 00 14 	l.lwz r7,0x14(r1)
    3134:	85 01 00 18 	l.lwz r8,0x18(r1)
    3138:	85 21 00 1c 	l.lwz r9,0x1c(r1)
    313c:	85 41 00 20 	l.lwz r10,0x20(r1)
    3140:	85 61 00 24 	l.lwz r11,0x24(r1)
    3144:	85 81 00 28 	l.lwz r12,0x28(r1)
    3148:	85 a1 00 2c 	l.lwz r13,0x2c(r1)
    314c:	85 c1 00 30 	l.lwz r14,0x30(r1)
    3150:	85 e1 00 34 	l.lwz r15,0x34(r1)
    3154:	86 01 00 38 	l.lwz r16,0x38(r1)
    3158:	86 21 00 3c 	l.lwz r17,0x3c(r1)
    315c:	86 41 00 40 	l.lwz r18,0x40(r1)
    3160:	86 61 00 44 	l.lwz r19,0x44(r1)
    3164:	86 81 00 48 	l.lwz r20,0x48(r1)
    3168:	86 a1 00 4c 	l.lwz r21,0x4c(r1)
    316c:	86 c1 00 50 	l.lwz r22,0x50(r1)
    3170:	86 e1 00 54 	l.lwz r23,0x54(r1)
    3174:	87 01 00 58 	l.lwz r24,0x58(r1)
    3178:	87 21 00 5c 	l.lwz r25,0x5c(r1)
    317c:	87 41 00 60 	l.lwz r26,0x60(r1)
    3180:	87 61 00 64 	l.lwz r27,0x64(r1)
    3184:	87 81 00 68 	l.lwz r28,0x68(r1)
    3188:	87 a1 00 6c 	l.lwz r29,0x6c(r1)
    318c:	87 c1 00 70 	l.lwz r30,0x70(r1)
    3190:	87 e1 00 74 	l.lwz r31,0x74(r1)
    3194:	9c 21 01 00 	l.addi r1,r1,0x100
    3198:	24 00 00 00 	l.rfe 
    319c:	15 00 00 00 	l.nop 0x0

000031a0 <exception_exit>:
    31a0:	07 ff fc 71 	l.jal 2364 <exit>
    31a4:	e0 64 20 04 	l.or r3,r4,r4

000031a8 <or1k_exception_handler_add>:
    31a8:	9c 21 ff fc 	l.addi r1,r1,0xfffffffc
    31ac:	d4 01 28 00 	l.sw 0x0(r1),r5
    31b0:	b8 63 00 02 	l.slli r3,r3,0x2
    31b4:	9c 63 ff f8 	l.addi r3,r3,0xfffffff8
    31b8:	18 a0 00 00 	l.movhi r5,0x0
    31bc:	a8 a5 69 2c 	l.ori r5,r5,0x692c
    31c0:	e0 a5 18 00 	l.add r5,r5,r3
    31c4:	d4 05 20 00 	l.sw 0x0(r5),r4
    31c8:	84 a1 00 00 	l.lwz r5,0x0(r1)
    31cc:	44 00 48 00 	l.jr r9
    31d0:	9c 21 00 04 	l.addi r1,r1,0x4

000031d4 <_sbrk_r>:
    31d4:	d7 e1 17 f4 	l.sw 0xfffffff4(r1),r2
    31d8:	18 40 00 00 	l.movhi r2,0x0
    31dc:	d7 e1 77 f8 	l.sw 0xfffffff8(r1),r14
    31e0:	a8 42 69 f8 	l.ori r2,r2,0x69f8
    31e4:	a9 c3 00 00 	l.ori r14,r3,0x0
    31e8:	a8 64 00 00 	l.ori r3,r4,0x0
    31ec:	9c 80 00 00 	l.addi r4,r0,0x0
    31f0:	d7 e1 4f fc 	l.sw 0xfffffffc(r1),r9
    31f4:	d4 02 20 00 	l.sw 0x0(r2),r4
    31f8:	04 00 02 a6 	l.jal 3c90 <_sbrk>
    31fc:	9c 21 ff f4 	l.addi r1,r1,0xfffffff4
    3200:	bc 2b ff ff 	l.sfnei r11,0xffffffff
    3204:	0c 00 00 07 	l.bnf 3220 <_sbrk_r+0x4c>
    3208:	15 00 00 00 	l.nop 0x0
    320c:	9c 21 00 0c 	l.addi r1,r1,0xc
    3210:	85 21 ff fc 	l.lwz r9,0xfffffffc(r1)
    3214:	84 41 ff f4 	l.lwz r2,0xfffffff4(r1)
    3218:	44 00 48 00 	l.jr r9
    321c:	85 c1 ff f8 	l.lwz r14,0xfffffff8(r1)
    3220:	84 42 00 00 	l.lwz r2,0x0(r2)
    3224:	bc 02 00 00 	l.sfeqi r2,0x0
    3228:	13 ff ff f9 	l.bf 320c <_sbrk_r+0x38>
    322c:	15 00 00 00 	l.nop 0x0
    3230:	d4 0e 10 00 	l.sw 0x0(r14),r2
    3234:	9c 21 00 0c 	l.addi r1,r1,0xc
    3238:	85 21 ff fc 	l.lwz r9,0xfffffffc(r1)
    323c:	84 41 ff f4 	l.lwz r2,0xfffffff4(r1)
    3240:	44 00 48 00 	l.jr r9
    3244:	85 c1 ff f8 	l.lwz r14,0xfffffff8(r1)

00003248 <__register_exitproc>:
    3248:	d7 e1 17 e4 	l.sw 0xffffffe4(r1),r2
    324c:	a8 43 00 00 	l.ori r2,r3,0x0
    3250:	18 60 00 00 	l.movhi r3,0x0
    3254:	d7 e1 b7 f8 	l.sw 0xfffffff8(r1),r22
    3258:	a8 63 3f cc 	l.ori r3,r3,0x3fcc
    325c:	d7 e1 87 ec 	l.sw 0xffffffec(r1),r16
    3260:	86 c3 00 00 	l.lwz r22,0x0(r3)
    3264:	d7 e1 97 f0 	l.sw 0xfffffff0(r1),r18
    3268:	d7 e1 a7 f4 	l.sw 0xfffffff4(r1),r20
    326c:	d7 e1 4f fc 	l.sw 0xfffffffc(r1),r9
    3270:	d7 e1 77 e8 	l.sw 0xffffffe8(r1),r14
    3274:	84 f6 01 48 	l.lwz r7,0x148(r22)
    3278:	9c 21 ff e4 	l.addi r1,r1,0xffffffe4
    327c:	aa 04 00 00 	l.ori r16,r4,0x0
    3280:	aa 85 00 00 	l.ori r20,r5,0x0
    3284:	bc 27 00 00 	l.sfnei r7,0x0
    3288:	0c 00 00 2c 	l.bnf 3338 <__register_exitproc+0xf0>
    328c:	aa 46 00 00 	l.ori r18,r6,0x0
    3290:	85 07 00 04 	l.lwz r8,0x4(r7)
    3294:	bd a8 00 1f 	l.sflesi r8,0x1f
    3298:	0c 00 00 2b 	l.bnf 3344 <__register_exitproc+0xfc>
    329c:	18 60 00 00 	l.movhi r3,0x0
    32a0:	bc 02 00 00 	l.sfeqi r2,0x0
    32a4:	0c 00 00 13 	l.bnf 32f0 <__register_exitproc+0xa8>
    32a8:	9c 88 00 42 	l.addi r4,r8,0x42
    32ac:	9c 48 00 02 	l.addi r2,r8,0x2
    32b0:	9d 08 00 01 	l.addi r8,r8,0x1
    32b4:	b8 42 00 02 	l.slli r2,r2,0x2
    32b8:	d4 07 40 04 	l.sw 0x4(r7),r8
    32bc:	9d c0 00 00 	l.addi r14,r0,0x0
    32c0:	e0 e7 10 00 	l.add r7,r7,r2
    32c4:	d4 07 80 00 	l.sw 0x0(r7),r16
    32c8:	9c 21 00 1c 	l.addi r1,r1,0x1c
    32cc:	a9 6e 00 00 	l.ori r11,r14,0x0
    32d0:	85 21 ff fc 	l.lwz r9,0xfffffffc(r1)
    32d4:	84 41 ff e4 	l.lwz r2,0xffffffe4(r1)
    32d8:	85 c1 ff e8 	l.lwz r14,0xffffffe8(r1)
    32dc:	86 01 ff ec 	l.lwz r16,0xffffffec(r1)
    32e0:	86 41 ff f0 	l.lwz r18,0xfffffff0(r1)
    32e4:	86 81 ff f4 	l.lwz r20,0xfffffff4(r1)
    32e8:	44 00 48 00 	l.jr r9
    32ec:	86 c1 ff f8 	l.lwz r22,0xfffffff8(r1)
    32f0:	9c c8 00 22 	l.addi r6,r8,0x22
    32f4:	9c 60 00 01 	l.addi r3,r0,0x1
    32f8:	b8 c6 00 02 	l.slli r6,r6,0x2
    32fc:	e0 63 40 08 	l.sll r3,r3,r8
    3300:	b8 84 00 02 	l.slli r4,r4,0x2
    3304:	84 a7 01 88 	l.lwz r5,0x188(r7)
    3308:	e0 c7 30 00 	l.add r6,r7,r6
    330c:	e0 a5 18 04 	l.or r5,r5,r3
    3310:	e0 87 20 00 	l.add r4,r7,r4
    3314:	d4 06 a0 00 	l.sw 0x0(r6),r20
    3318:	d4 07 29 88 	l.sw 0x188(r7),r5
    331c:	bc 22 00 02 	l.sfnei r2,0x2
    3320:	13 ff ff e3 	l.bf 32ac <__register_exitproc+0x64>
    3324:	d4 04 90 00 	l.sw 0x0(r4),r18
    3328:	84 47 01 8c 	l.lwz r2,0x18c(r7)
    332c:	e0 62 18 04 	l.or r3,r2,r3
    3330:	03 ff ff df 	l.j 32ac <__register_exitproc+0x64>
    3334:	d4 07 19 8c 	l.sw 0x18c(r7),r3
    3338:	9c f6 01 4c 	l.addi r7,r22,0x14c
    333c:	03 ff ff d5 	l.j 3290 <__register_exitproc+0x48>
    3340:	d4 16 39 48 	l.sw 0x148(r22),r7
    3344:	a8 63 23 a8 	l.ori r3,r3,0x23a8
    3348:	bc 03 00 00 	l.sfeqi r3,0x0
    334c:	13 ff ff df 	l.bf 32c8 <__register_exitproc+0x80>
    3350:	9d c0 ff ff 	l.addi r14,r0,0xffffffff
    3354:	07 ff fc 15 	l.jal 23a8 <malloc>
    3358:	9c 60 01 90 	l.addi r3,r0,0x190
    335c:	bc 0b 00 00 	l.sfeqi r11,0x0
    3360:	13 ff ff da 	l.bf 32c8 <__register_exitproc+0x80>
    3364:	a8 eb 00 00 	l.ori r7,r11,0x0
    3368:	84 76 01 48 	l.lwz r3,0x148(r22)
    336c:	9c 80 00 00 	l.addi r4,r0,0x0
    3370:	d4 0b 18 00 	l.sw 0x0(r11),r3
    3374:	d4 0b 20 04 	l.sw 0x4(r11),r4
    3378:	d4 16 59 48 	l.sw 0x148(r22),r11
    337c:	d4 0b 21 88 	l.sw 0x188(r11),r4
    3380:	d4 0b 21 8c 	l.sw 0x18c(r11),r4
    3384:	03 ff ff c7 	l.j 32a0 <__register_exitproc+0x58>
    3388:	a9 04 00 00 	l.ori r8,r4,0x0

0000338c <__call_exitprocs>:
    338c:	d7 e1 17 d4 	l.sw 0xffffffd4(r1),r2
    3390:	18 40 00 00 	l.movhi r2,0x0
    3394:	d7 e1 f7 f8 	l.sw 0xfffffff8(r1),r30
    3398:	a8 42 3f cc 	l.ori r2,r2,0x3fcc
    339c:	d7 e1 a7 e4 	l.sw 0xffffffe4(r1),r20
    33a0:	87 c2 00 00 	l.lwz r30,0x0(r2)
    33a4:	d7 e1 d7 f0 	l.sw 0xfffffff0(r1),r26
    33a8:	d7 e1 e7 f4 	l.sw 0xfffffff4(r1),r28
    33ac:	d7 e1 4f fc 	l.sw 0xfffffffc(r1),r9
    33b0:	d7 e1 77 d8 	l.sw 0xffffffd8(r1),r14
    33b4:	d7 e1 87 dc 	l.sw 0xffffffdc(r1),r16
    33b8:	d7 e1 97 e0 	l.sw 0xffffffe0(r1),r18
    33bc:	d7 e1 b7 e8 	l.sw 0xffffffe8(r1),r22
    33c0:	d7 e1 c7 ec 	l.sw 0xffffffec(r1),r24
    33c4:	9c 5e 01 48 	l.addi r2,r30,0x148
    33c8:	9c 21 ff d0 	l.addi r1,r1,0xffffffd0
    33cc:	ab 83 00 00 	l.ori r28,r3,0x0
    33d0:	aa 84 00 00 	l.ori r20,r4,0x0
    33d4:	d4 01 10 00 	l.sw 0x0(r1),r2
    33d8:	9f 40 00 01 	l.addi r26,r0,0x1
    33dc:	85 de 01 48 	l.lwz r14,0x148(r30)
    33e0:	bc 0e 00 00 	l.sfeqi r14,0x0
    33e4:	10 00 00 41 	l.bf 34e8 <__call_exitprocs+0x15c>
    33e8:	86 c1 00 00 	l.lwz r22,0x0(r1)
    33ec:	84 8e 00 04 	l.lwz r4,0x4(r14)
    33f0:	9c 44 ff ff 	l.addi r2,r4,0xffffffff
    33f4:	bd 82 00 00 	l.sfltsi r2,0x0
    33f8:	10 00 00 37 	l.bf 34d4 <__call_exitprocs+0x148>
    33fc:	15 00 00 00 	l.nop 0x0
    3400:	9e 04 00 21 	l.addi r16,r4,0x21
    3404:	9e 44 00 01 	l.addi r18,r4,0x1
    3408:	ba 10 00 02 	l.slli r16,r16,0x2
    340c:	ba 52 00 02 	l.slli r18,r18,0x2
    3410:	e2 0e 80 00 	l.add r16,r14,r16
    3414:	00 00 00 0b 	l.j 3440 <__call_exitprocs+0xb4>
    3418:	e2 4e 90 00 	l.add r18,r14,r18
    341c:	84 90 00 80 	l.lwz r4,0x80(r16)
    3420:	e4 24 a0 00 	l.sfne r4,r20
    3424:	0c 00 00 0a 	l.bnf 344c <__call_exitprocs+0xc0>
    3428:	15 00 00 00 	l.nop 0x0
    342c:	9c 42 ff ff 	l.addi r2,r2,0xffffffff
    3430:	9e 10 ff fc 	l.addi r16,r16,0xfffffffc
    3434:	bd 62 00 00 	l.sfgesi r2,0x0
    3438:	0c 00 00 27 	l.bnf 34d4 <__call_exitprocs+0x148>
    343c:	9e 52 ff fc 	l.addi r18,r18,0xfffffffc
    3440:	bc 14 00 00 	l.sfeqi r20,0x0
    3444:	0f ff ff f6 	l.bnf 341c <__call_exitprocs+0x90>
    3448:	15 00 00 00 	l.nop 0x0
    344c:	84 8e 00 04 	l.lwz r4,0x4(r14)
    3450:	9c 84 ff ff 	l.addi r4,r4,0xffffffff
    3454:	e4 24 10 00 	l.sfne r4,r2
    3458:	0c 00 00 35 	l.bnf 352c <__call_exitprocs+0x1a0>
    345c:	84 b2 00 00 	l.lwz r5,0x0(r18)
    3460:	9c 60 00 00 	l.addi r3,r0,0x0
    3464:	d4 12 18 00 	l.sw 0x0(r18),r3
    3468:	bc 05 00 00 	l.sfeqi r5,0x0
    346c:	13 ff ff f0 	l.bf 342c <__call_exitprocs+0xa0>
    3470:	e0 9a 10 08 	l.sll r4,r26,r2
    3474:	84 ce 01 88 	l.lwz r6,0x188(r14)
    3478:	e0 c4 30 03 	l.and r6,r4,r6
    347c:	bc 26 00 00 	l.sfnei r6,0x0
    3480:	0c 00 00 27 	l.bnf 351c <__call_exitprocs+0x190>
    3484:	87 0e 00 04 	l.lwz r24,0x4(r14)
    3488:	84 ce 01 8c 	l.lwz r6,0x18c(r14)
    348c:	e0 84 30 03 	l.and r4,r4,r6
    3490:	bc 24 00 00 	l.sfnei r4,0x0
    3494:	10 00 00 28 	l.bf 3534 <__call_exitprocs+0x1a8>
    3498:	a8 7c 00 00 	l.ori r3,r28,0x0
    349c:	48 00 28 00 	l.jalr r5
    34a0:	84 90 00 00 	l.lwz r4,0x0(r16)
    34a4:	84 8e 00 04 	l.lwz r4,0x4(r14)
    34a8:	e4 24 c0 00 	l.sfne r4,r24
    34ac:	13 ff ff cc 	l.bf 33dc <__call_exitprocs+0x50>
    34b0:	15 00 00 00 	l.nop 0x0
    34b4:	84 96 00 00 	l.lwz r4,0x0(r22)
    34b8:	e4 24 70 00 	l.sfne r4,r14
    34bc:	13 ff ff c8 	l.bf 33dc <__call_exitprocs+0x50>
    34c0:	9c 42 ff ff 	l.addi r2,r2,0xffffffff
    34c4:	9e 10 ff fc 	l.addi r16,r16,0xfffffffc
    34c8:	bd 62 00 00 	l.sfgesi r2,0x0
    34cc:	13 ff ff dd 	l.bf 3440 <__call_exitprocs+0xb4>
    34d0:	9e 52 ff fc 	l.addi r18,r18,0xfffffffc
    34d4:	18 40 00 00 	l.movhi r2,0x0
    34d8:	a8 42 23 d0 	l.ori r2,r2,0x23d0
    34dc:	bc 02 00 00 	l.sfeqi r2,0x0
    34e0:	0c 00 00 19 	l.bnf 3544 <__call_exitprocs+0x1b8>
    34e4:	15 00 00 00 	l.nop 0x0
    34e8:	9c 21 00 30 	l.addi r1,r1,0x30
    34ec:	85 21 ff fc 	l.lwz r9,0xfffffffc(r1)
    34f0:	84 41 ff d4 	l.lwz r2,0xffffffd4(r1)
    34f4:	85 c1 ff d8 	l.lwz r14,0xffffffd8(r1)
    34f8:	86 01 ff dc 	l.lwz r16,0xffffffdc(r1)
    34fc:	86 41 ff e0 	l.lwz r18,0xffffffe0(r1)
    3500:	86 81 ff e4 	l.lwz r20,0xffffffe4(r1)
    3504:	86 c1 ff e8 	l.lwz r22,0xffffffe8(r1)
    3508:	87 01 ff ec 	l.lwz r24,0xffffffec(r1)
    350c:	87 41 ff f0 	l.lwz r26,0xfffffff0(r1)
    3510:	87 81 ff f4 	l.lwz r28,0xfffffff4(r1)
    3514:	44 00 48 00 	l.jr r9
    3518:	87 c1 ff f8 	l.lwz r30,0xfffffff8(r1)
    351c:	48 00 28 00 	l.jalr r5
    3520:	15 00 00 00 	l.nop 0x0
    3524:	03 ff ff e1 	l.j 34a8 <__call_exitprocs+0x11c>
    3528:	84 8e 00 04 	l.lwz r4,0x4(r14)
    352c:	03 ff ff cf 	l.j 3468 <__call_exitprocs+0xdc>
    3530:	d4 0e 10 04 	l.sw 0x4(r14),r2
    3534:	48 00 28 00 	l.jalr r5
    3538:	84 70 00 00 	l.lwz r3,0x0(r16)
    353c:	03 ff ff db 	l.j 34a8 <__call_exitprocs+0x11c>
    3540:	84 8e 00 04 	l.lwz r4,0x4(r14)
    3544:	84 4e 00 04 	l.lwz r2,0x4(r14)
    3548:	bc 22 00 00 	l.sfnei r2,0x0
    354c:	0c 00 00 0a 	l.bnf 3574 <__call_exitprocs+0x1e8>
    3550:	15 00 00 00 	l.nop 0x0
    3554:	84 4e 00 00 	l.lwz r2,0x0(r14)
    3558:	aa ce 00 00 	l.ori r22,r14,0x0
    355c:	a9 c2 00 00 	l.ori r14,r2,0x0
    3560:	bc 2e 00 00 	l.sfnei r14,0x0
    3564:	13 ff ff a2 	l.bf 33ec <__call_exitprocs+0x60>
    3568:	15 00 00 00 	l.nop 0x0
    356c:	03 ff ff e0 	l.j 34ec <__call_exitprocs+0x160>
    3570:	9c 21 00 30 	l.addi r1,r1,0x30
    3574:	84 4e 00 00 	l.lwz r2,0x0(r14)
    3578:	bc 02 00 00 	l.sfeqi r2,0x0
    357c:	13 ff ff f7 	l.bf 3558 <__call_exitprocs+0x1cc>
    3580:	a8 6e 00 00 	l.ori r3,r14,0x0
    3584:	07 ff fb 93 	l.jal 23d0 <free>
    3588:	d4 16 10 00 	l.sw 0x0(r22),r2
    358c:	03 ff ff f5 	l.j 3560 <__call_exitprocs+0x1d4>
    3590:	85 d6 00 00 	l.lwz r14,0x0(r22)

00003594 <_malloc_trim_r>:
    3594:	d7 e1 17 ec 	l.sw 0xffffffec(r1),r2
    3598:	18 40 00 00 	l.movhi r2,0x0
    359c:	d7 e1 77 f0 	l.sw 0xfffffff0(r1),r14
    35a0:	d7 e1 87 f4 	l.sw 0xfffffff4(r1),r16
    35a4:	d7 e1 97 f8 	l.sw 0xfffffff8(r1),r18
    35a8:	d7 e1 4f fc 	l.sw 0xfffffffc(r1),r9
    35ac:	9c 21 ff ec 	l.addi r1,r1,0xffffffec
    35b0:	a8 42 64 1c 	l.ori r2,r2,0x641c
    35b4:	aa 44 00 00 	l.ori r18,r4,0x0
    35b8:	07 ff fd e0 	l.jal 2d38 <__malloc_lock>
    35bc:	a9 c3 00 00 	l.ori r14,r3,0x0
    35c0:	84 62 00 08 	l.lwz r3,0x8(r2)
    35c4:	86 03 00 04 	l.lwz r16,0x4(r3)
    35c8:	9c 60 ff fc 	l.addi r3,r0,0xfffffffc
    35cc:	e2 10 18 03 	l.and r16,r16,r3
    35d0:	9c 70 0f ef 	l.addi r3,r16,0xfef
    35d4:	e2 43 90 02 	l.sub r18,r3,r18
    35d8:	9c 60 f0 00 	l.addi r3,r0,0xfffff000
    35dc:	e2 52 18 03 	l.and r18,r18,r3
    35e0:	e2 52 18 00 	l.add r18,r18,r3
    35e4:	bd 52 0f ff 	l.sfgtsi r18,0xfff
    35e8:	0c 00 00 09 	l.bnf 360c <_malloc_trim_r+0x78>
    35ec:	a8 6e 00 00 	l.ori r3,r14,0x0
    35f0:	07 ff fe f9 	l.jal 31d4 <_sbrk_r>
    35f4:	9c 80 00 00 	l.addi r4,r0,0x0
    35f8:	84 62 00 08 	l.lwz r3,0x8(r2)
    35fc:	e0 63 80 00 	l.add r3,r3,r16
    3600:	e4 0b 18 00 	l.sfeq r11,r3
    3604:	10 00 00 0c 	l.bf 3634 <_malloc_trim_r+0xa0>
    3608:	a8 6e 00 00 	l.ori r3,r14,0x0
    360c:	07 ff fd cd 	l.jal 2d40 <__malloc_unlock>
    3610:	a8 6e 00 00 	l.ori r3,r14,0x0
    3614:	9c 21 00 14 	l.addi r1,r1,0x14
    3618:	9d 60 00 00 	l.addi r11,r0,0x0
    361c:	85 21 ff fc 	l.lwz r9,0xfffffffc(r1)
    3620:	84 41 ff ec 	l.lwz r2,0xffffffec(r1)
    3624:	85 c1 ff f0 	l.lwz r14,0xfffffff0(r1)
    3628:	86 01 ff f4 	l.lwz r16,0xfffffff4(r1)
    362c:	44 00 48 00 	l.jr r9
    3630:	86 41 ff f8 	l.lwz r18,0xfffffff8(r1)
    3634:	07 ff fe e8 	l.jal 31d4 <_sbrk_r>
    3638:	e0 80 90 02 	l.sub r4,r0,r18
    363c:	bc 2b ff ff 	l.sfnei r11,0xffffffff
    3640:	0c 00 00 14 	l.bnf 3690 <_malloc_trim_r+0xfc>
    3644:	18 80 00 00 	l.movhi r4,0x0
    3648:	e2 10 90 02 	l.sub r16,r16,r18
    364c:	a8 84 69 d0 	l.ori r4,r4,0x69d0
    3650:	84 42 00 08 	l.lwz r2,0x8(r2)
    3654:	84 64 00 00 	l.lwz r3,0x0(r4)
    3658:	aa 10 00 01 	l.ori r16,r16,0x1
    365c:	e2 43 90 02 	l.sub r18,r3,r18
    3660:	d4 02 80 04 	l.sw 0x4(r2),r16
    3664:	a8 6e 00 00 	l.ori r3,r14,0x0
    3668:	07 ff fd b6 	l.jal 2d40 <__malloc_unlock>
    366c:	d4 04 90 00 	l.sw 0x0(r4),r18
    3670:	9c 21 00 14 	l.addi r1,r1,0x14
    3674:	9d 60 00 01 	l.addi r11,r0,0x1
    3678:	85 21 ff fc 	l.lwz r9,0xfffffffc(r1)
    367c:	84 41 ff ec 	l.lwz r2,0xffffffec(r1)
    3680:	85 c1 ff f0 	l.lwz r14,0xfffffff0(r1)
    3684:	86 01 ff f4 	l.lwz r16,0xfffffff4(r1)
    3688:	44 00 48 00 	l.jr r9
    368c:	86 41 ff f8 	l.lwz r18,0xfffffff8(r1)
    3690:	a8 6e 00 00 	l.ori r3,r14,0x0
    3694:	07 ff fe d0 	l.jal 31d4 <_sbrk_r>
    3698:	9c 80 00 00 	l.addi r4,r0,0x0
    369c:	84 42 00 08 	l.lwz r2,0x8(r2)
    36a0:	e0 6b 10 02 	l.sub r3,r11,r2
    36a4:	bd a3 00 0f 	l.sflesi r3,0xf
    36a8:	13 ff ff d9 	l.bf 360c <_malloc_trim_r+0x78>
    36ac:	18 80 00 00 	l.movhi r4,0x0
    36b0:	a8 63 00 01 	l.ori r3,r3,0x1
    36b4:	a8 84 68 28 	l.ori r4,r4,0x6828
    36b8:	d4 02 18 04 	l.sw 0x4(r2),r3
    36bc:	84 84 00 00 	l.lwz r4,0x0(r4)
    36c0:	18 40 00 00 	l.movhi r2,0x0
    36c4:	e1 6b 20 02 	l.sub r11,r11,r4
    36c8:	a8 42 69 d0 	l.ori r2,r2,0x69d0
    36cc:	03 ff ff d0 	l.j 360c <_malloc_trim_r+0x78>
    36d0:	d4 02 58 00 	l.sw 0x0(r2),r11

000036d4 <_free_r>:
    36d4:	d7 e1 17 f4 	l.sw 0xfffffff4(r1),r2
    36d8:	d7 e1 77 f8 	l.sw 0xfffffff8(r1),r14
    36dc:	d7 e1 4f fc 	l.sw 0xfffffffc(r1),r9
    36e0:	a9 c4 00 00 	l.ori r14,r4,0x0
    36e4:	9c 21 ff f4 	l.addi r1,r1,0xfffffff4
    36e8:	bc 04 00 00 	l.sfeqi r4,0x0
    36ec:	10 00 00 62 	l.bf 3874 <_free_r+0x1a0>
    36f0:	a8 43 00 00 	l.ori r2,r3,0x0
    36f4:	07 ff fd 91 	l.jal 2d38 <__malloc_lock>
    36f8:	15 00 00 00 	l.nop 0x0
    36fc:	9c 8e ff f8 	l.addi r4,r14,0xfffffff8
    3700:	9c 60 ff fe 	l.addi r3,r0,0xfffffffe
    3704:	18 e0 00 00 	l.movhi r7,0x0
    3708:	85 04 00 04 	l.lwz r8,0x4(r4)
    370c:	a8 e7 64 1c 	l.ori r7,r7,0x641c
    3710:	e0 a8 18 03 	l.and r5,r8,r3
    3714:	85 67 00 08 	l.lwz r11,0x8(r7)
    3718:	e0 c4 28 00 	l.add r6,r4,r5
    371c:	84 66 00 04 	l.lwz r3,0x4(r6)
    3720:	e4 2b 30 00 	l.sfne r11,r6
    3724:	9d 60 ff fc 	l.addi r11,r0,0xfffffffc
    3728:	0c 00 00 7c 	l.bnf 3918 <_free_r+0x244>
    372c:	e0 63 58 03 	l.and r3,r3,r11
    3730:	a5 08 00 01 	l.andi r8,r8,0x1
    3734:	9d 60 00 00 	l.addi r11,r0,0x0
    3738:	e4 28 58 00 	l.sfne r8,r11
    373c:	10 00 00 0f 	l.bf 3778 <_free_r+0xa4>
    3740:	d4 06 18 04 	l.sw 0x4(r6),r3
    3744:	85 84 00 00 	l.lwz r12,0x0(r4)
    3748:	19 a0 00 00 	l.movhi r13,0x0
    374c:	e0 84 60 02 	l.sub r4,r4,r12
    3750:	e0 a5 60 00 	l.add r5,r5,r12
    3754:	a9 ad 64 24 	l.ori r13,r13,0x6424
    3758:	85 84 00 08 	l.lwz r12,0x8(r4)
    375c:	e4 0c 68 00 	l.sfeq r12,r13
    3760:	10 00 00 06 	l.bf 3778 <_free_r+0xa4>
    3764:	9d 60 00 01 	l.addi r11,r0,0x1
    3768:	85 a4 00 0c 	l.lwz r13,0xc(r4)
    376c:	a9 68 00 00 	l.ori r11,r8,0x0
    3770:	d4 0c 68 0c 	l.sw 0xc(r12),r13
    3774:	d4 0d 60 08 	l.sw 0x8(r13),r12
    3778:	e1 06 18 00 	l.add r8,r6,r3
    377c:	85 08 00 04 	l.lwz r8,0x4(r8)
    3780:	a5 08 00 01 	l.andi r8,r8,0x1
    3784:	bc 28 00 00 	l.sfnei r8,0x0
    3788:	10 00 00 08 	l.bf 37a8 <_free_r+0xd4>
    378c:	bc 2b 00 00 	l.sfnei r11,0x0
    3790:	0c 00 00 3e 	l.bnf 3888 <_free_r+0x1b4>
    3794:	e0 a5 18 00 	l.add r5,r5,r3
    3798:	84 66 00 08 	l.lwz r3,0x8(r6)
    379c:	84 c6 00 0c 	l.lwz r6,0xc(r6)
    37a0:	d4 03 30 0c 	l.sw 0xc(r3),r6
    37a4:	d4 06 18 08 	l.sw 0x8(r6),r3
    37a8:	a8 c5 00 01 	l.ori r6,r5,0x1
    37ac:	e0 64 28 00 	l.add r3,r4,r5
    37b0:	d4 04 30 04 	l.sw 0x4(r4),r6
    37b4:	bc 2b 00 00 	l.sfnei r11,0x0
    37b8:	10 00 00 29 	l.bf 385c <_free_r+0x188>
    37bc:	d4 03 28 00 	l.sw 0x0(r3),r5
    37c0:	bc 45 01 ff 	l.sfgtui r5,0x1ff
    37c4:	0c 00 00 40 	l.bnf 38c4 <_free_r+0x1f0>
    37c8:	9c c0 00 01 	l.addi r6,r0,0x1
    37cc:	b8 65 00 49 	l.srli r3,r5,0x9
    37d0:	bc 43 00 04 	l.sfgtui r3,0x4
    37d4:	10 00 00 6b 	l.bf 3980 <_free_r+0x2ac>
    37d8:	bc 43 00 14 	l.sfgtui r3,0x14
    37dc:	b9 05 00 46 	l.srli r8,r5,0x6
    37e0:	9d 08 00 38 	l.addi r8,r8,0x38
    37e4:	b8 68 00 03 	l.slli r3,r8,0x3
    37e8:	19 a0 00 00 	l.movhi r13,0x0
    37ec:	a9 ad 64 1c 	l.ori r13,r13,0x641c
    37f0:	e0 63 68 00 	l.add r3,r3,r13
    37f4:	84 c3 00 08 	l.lwz r6,0x8(r3)
    37f8:	e4 06 18 00 	l.sfeq r6,r3
    37fc:	10 00 00 66 	l.bf 3994 <_free_r+0x2c0>
    3800:	b9 08 00 82 	l.srai r8,r8,0x2
    3804:	84 e6 00 04 	l.lwz r7,0x4(r6)
    3808:	9d 00 ff fc 	l.addi r8,r0,0xfffffffc
    380c:	e0 e7 40 03 	l.and r7,r7,r8
    3810:	e4 85 38 00 	l.sfltu r5,r7
    3814:	10 00 00 09 	l.bf 3838 <_free_r+0x164>
    3818:	15 00 00 00 	l.nop 0x0
    381c:	00 00 00 0c 	l.j 384c <_free_r+0x178>
    3820:	84 66 00 0c 	l.lwz r3,0xc(r6)
    3824:	84 e6 00 04 	l.lwz r7,0x4(r6)
    3828:	e0 e7 58 03 	l.and r7,r7,r11
    382c:	e4 85 38 00 	l.sfltu r5,r7
    3830:	0c 00 00 06 	l.bnf 3848 <_free_r+0x174>
    3834:	15 00 00 00 	l.nop 0x0
    3838:	84 c6 00 08 	l.lwz r6,0x8(r6)
    383c:	e4 03 30 00 	l.sfeq r3,r6
    3840:	0f ff ff f9 	l.bnf 3824 <_free_r+0x150>
    3844:	9d 60 ff fc 	l.addi r11,r0,0xfffffffc
    3848:	84 66 00 0c 	l.lwz r3,0xc(r6)
    384c:	d4 04 18 0c 	l.sw 0xc(r4),r3
    3850:	d4 04 30 08 	l.sw 0x8(r4),r6
    3854:	d4 03 20 08 	l.sw 0x8(r3),r4
    3858:	d4 06 20 0c 	l.sw 0xc(r6),r4
    385c:	9c 21 00 0c 	l.addi r1,r1,0xc
    3860:	a8 62 00 00 	l.ori r3,r2,0x0
    3864:	85 21 ff fc 	l.lwz r9,0xfffffffc(r1)
    3868:	84 41 ff f4 	l.lwz r2,0xfffffff4(r1)
    386c:	03 ff fd 35 	l.j 2d40 <__malloc_unlock>
    3870:	85 c1 ff f8 	l.lwz r14,0xfffffff8(r1)
    3874:	9c 21 00 0c 	l.addi r1,r1,0xc
    3878:	85 21 ff fc 	l.lwz r9,0xfffffffc(r1)
    387c:	84 41 ff f4 	l.lwz r2,0xfffffff4(r1)
    3880:	44 00 48 00 	l.jr r9
    3884:	85 c1 ff f8 	l.lwz r14,0xfffffff8(r1)
    3888:	19 00 00 00 	l.movhi r8,0x0
    388c:	84 66 00 08 	l.lwz r3,0x8(r6)
    3890:	a9 08 64 24 	l.ori r8,r8,0x6424
    3894:	e4 23 40 00 	l.sfne r3,r8
    3898:	13 ff ff c1 	l.bf 379c <_free_r+0xc8>
    389c:	15 00 00 00 	l.nop 0x0
    38a0:	a8 e5 00 01 	l.ori r7,r5,0x1
    38a4:	e0 c4 28 00 	l.add r6,r4,r5
    38a8:	d4 03 20 0c 	l.sw 0xc(r3),r4
    38ac:	d4 03 20 08 	l.sw 0x8(r3),r4
    38b0:	d4 04 18 0c 	l.sw 0xc(r4),r3
    38b4:	d4 04 18 08 	l.sw 0x8(r4),r3
    38b8:	d4 04 38 04 	l.sw 0x4(r4),r7
    38bc:	03 ff ff e8 	l.j 385c <_free_r+0x188>
    38c0:	d4 06 28 00 	l.sw 0x0(r6),r5
    38c4:	b8 a5 00 43 	l.srli r5,r5,0x3
    38c8:	19 60 00 00 	l.movhi r11,0x0
    38cc:	b8 65 00 82 	l.srai r3,r5,0x2
    38d0:	b8 a5 00 03 	l.slli r5,r5,0x3
    38d4:	a9 6b 64 1c 	l.ori r11,r11,0x641c
    38d8:	e0 c6 18 08 	l.sll r6,r6,r3
    38dc:	e0 a5 58 00 	l.add r5,r5,r11
    38e0:	85 07 00 04 	l.lwz r8,0x4(r7)
    38e4:	84 65 00 08 	l.lwz r3,0x8(r5)
    38e8:	e0 c8 30 04 	l.or r6,r8,r6
    38ec:	d4 04 18 08 	l.sw 0x8(r4),r3
    38f0:	d4 04 28 0c 	l.sw 0xc(r4),r5
    38f4:	d4 03 20 0c 	l.sw 0xc(r3),r4
    38f8:	d4 07 30 04 	l.sw 0x4(r7),r6
    38fc:	d4 05 20 08 	l.sw 0x8(r5),r4
    3900:	9c 21 00 0c 	l.addi r1,r1,0xc
    3904:	a8 62 00 00 	l.ori r3,r2,0x0
    3908:	85 21 ff fc 	l.lwz r9,0xfffffffc(r1)
    390c:	84 41 ff f4 	l.lwz r2,0xfffffff4(r1)
    3910:	03 ff fd 0c 	l.j 2d40 <__malloc_unlock>
    3914:	85 c1 ff f8 	l.lwz r14,0xfffffff8(r1)
    3918:	a5 08 00 01 	l.andi r8,r8,0x1
    391c:	bc 28 00 00 	l.sfnei r8,0x0
    3920:	10 00 00 09 	l.bf 3944 <_free_r+0x270>
    3924:	e0 a3 28 00 	l.add r5,r3,r5
    3928:	84 64 00 00 	l.lwz r3,0x0(r4)
    392c:	e0 84 18 02 	l.sub r4,r4,r3
    3930:	e0 a5 18 00 	l.add r5,r5,r3
    3934:	84 c4 00 08 	l.lwz r6,0x8(r4)
    3938:	84 64 00 0c 	l.lwz r3,0xc(r4)
    393c:	d4 06 18 0c 	l.sw 0xc(r6),r3
    3940:	d4 03 30 08 	l.sw 0x8(r3),r6
    3944:	a8 65 00 01 	l.ori r3,r5,0x1
    3948:	d4 07 20 08 	l.sw 0x8(r7),r4
    394c:	d4 04 18 04 	l.sw 0x4(r4),r3
    3950:	18 60 00 00 	l.movhi r3,0x0
    3954:	a8 63 68 24 	l.ori r3,r3,0x6824
    3958:	84 63 00 00 	l.lwz r3,0x0(r3)
    395c:	e4 85 18 00 	l.sfltu r5,r3
    3960:	13 ff ff bf 	l.bf 385c <_free_r+0x188>
    3964:	18 80 00 00 	l.movhi r4,0x0
    3968:	a8 62 00 00 	l.ori r3,r2,0x0
    396c:	a8 84 69 c4 	l.ori r4,r4,0x69c4
    3970:	07 ff ff 09 	l.jal 3594 <_malloc_trim_r>
    3974:	84 84 00 00 	l.lwz r4,0x0(r4)
    3978:	03 ff ff ba 	l.j 3860 <_free_r+0x18c>
    397c:	9c 21 00 0c 	l.addi r1,r1,0xc
    3980:	10 00 00 0c 	l.bf 39b0 <_free_r+0x2dc>
    3984:	bc 43 00 54 	l.sfgtui r3,0x54
    3988:	9d 03 00 5b 	l.addi r8,r3,0x5b
    398c:	03 ff ff 97 	l.j 37e8 <_free_r+0x114>
    3990:	b8 68 00 03 	l.slli r3,r8,0x3
    3994:	9c 60 00 01 	l.addi r3,r0,0x1
    3998:	85 67 00 04 	l.lwz r11,0x4(r7)
    399c:	e0 a3 40 08 	l.sll r5,r3,r8
    39a0:	a8 66 00 00 	l.ori r3,r6,0x0
    39a4:	e0 ab 28 04 	l.or r5,r11,r5
    39a8:	03 ff ff a9 	l.j 384c <_free_r+0x178>
    39ac:	d4 07 28 04 	l.sw 0x4(r7),r5
    39b0:	10 00 00 06 	l.bf 39c8 <_free_r+0x2f4>
    39b4:	bc 43 01 54 	l.sfgtui r3,0x154
    39b8:	b9 05 00 4c 	l.srli r8,r5,0xc
    39bc:	9d 08 00 6e 	l.addi r8,r8,0x6e
    39c0:	03 ff ff 8a 	l.j 37e8 <_free_r+0x114>
    39c4:	b8 68 00 03 	l.slli r3,r8,0x3
    39c8:	10 00 00 06 	l.bf 39e0 <_free_r+0x30c>
    39cc:	bc 43 05 54 	l.sfgtui r3,0x554
    39d0:	b9 05 00 4f 	l.srli r8,r5,0xf
    39d4:	9d 08 00 77 	l.addi r8,r8,0x77
    39d8:	03 ff ff 84 	l.j 37e8 <_free_r+0x114>
    39dc:	b8 68 00 03 	l.slli r3,r8,0x3
    39e0:	10 00 00 06 	l.bf 39f8 <_free_r+0x324>
    39e4:	15 00 00 00 	l.nop 0x0
    39e8:	b9 05 00 52 	l.srli r8,r5,0x12
    39ec:	9d 08 00 7c 	l.addi r8,r8,0x7c
    39f0:	03 ff ff 7e 	l.j 37e8 <_free_r+0x114>
    39f4:	b8 68 00 03 	l.slli r3,r8,0x3
    39f8:	9c 60 03 f0 	l.addi r3,r0,0x3f0
    39fc:	03 ff ff 7b 	l.j 37e8 <_free_r+0x114>
    3a00:	9d 00 00 7e 	l.addi r8,r0,0x7e

00003a04 <cleanup_glue>:
    3a04:	d7 e1 17 f4 	l.sw 0xfffffff4(r1),r2
    3a08:	d7 e1 77 f8 	l.sw 0xfffffff8(r1),r14
    3a0c:	d7 e1 4f fc 	l.sw 0xfffffffc(r1),r9
    3a10:	a8 44 00 00 	l.ori r2,r4,0x0
    3a14:	84 84 00 00 	l.lwz r4,0x0(r4)
    3a18:	9c 21 ff f4 	l.addi r1,r1,0xfffffff4
    3a1c:	bc 04 00 00 	l.sfeqi r4,0x0
    3a20:	10 00 00 04 	l.bf 3a30 <cleanup_glue+0x2c>
    3a24:	a9 c3 00 00 	l.ori r14,r3,0x0
    3a28:	07 ff ff f7 	l.jal 3a04 <cleanup_glue>
    3a2c:	15 00 00 00 	l.nop 0x0
    3a30:	9c 21 00 0c 	l.addi r1,r1,0xc
    3a34:	a8 6e 00 00 	l.ori r3,r14,0x0
    3a38:	a8 82 00 00 	l.ori r4,r2,0x0
    3a3c:	85 21 ff fc 	l.lwz r9,0xfffffffc(r1)
    3a40:	84 41 ff f4 	l.lwz r2,0xfffffff4(r1)
    3a44:	03 ff ff 24 	l.j 36d4 <_free_r>
    3a48:	85 c1 ff f8 	l.lwz r14,0xfffffff8(r1)

00003a4c <_reclaim_reent>:
    3a4c:	d7 e1 17 ec 	l.sw 0xffffffec(r1),r2
    3a50:	18 40 00 00 	l.movhi r2,0x0
    3a54:	d7 e1 77 f0 	l.sw 0xfffffff0(r1),r14
    3a58:	a8 42 5f f4 	l.ori r2,r2,0x5ff4
    3a5c:	d7 e1 4f fc 	l.sw 0xfffffffc(r1),r9
    3a60:	d7 e1 87 f4 	l.sw 0xfffffff4(r1),r16
    3a64:	d7 e1 97 f8 	l.sw 0xfffffff8(r1),r18
    3a68:	84 42 00 00 	l.lwz r2,0x0(r2)
    3a6c:	9c 21 ff ec 	l.addi r1,r1,0xffffffec
    3a70:	e4 03 10 00 	l.sfeq r3,r2
    3a74:	10 00 00 3a 	l.bf 3b5c <_reclaim_reent+0x110>
    3a78:	a9 c3 00 00 	l.ori r14,r3,0x0
    3a7c:	84 83 00 4c 	l.lwz r4,0x4c(r3)
    3a80:	bc 04 00 00 	l.sfeqi r4,0x0
    3a84:	10 00 00 17 	l.bf 3ae0 <_reclaim_reent+0x94>
    3a88:	9c 40 00 00 	l.addi r2,r0,0x0
    3a8c:	aa 02 00 00 	l.ori r16,r2,0x0
    3a90:	b8 42 00 02 	l.slli r2,r2,0x2
    3a94:	e0 44 10 00 	l.add r2,r4,r2
    3a98:	84 a2 00 00 	l.lwz r5,0x0(r2)
    3a9c:	bc 05 00 00 	l.sfeqi r5,0x0
    3aa0:	10 00 00 0a 	l.bf 3ac8 <_reclaim_reent+0x7c>
    3aa4:	15 00 00 00 	l.nop 0x0
    3aa8:	a8 85 00 00 	l.ori r4,r5,0x0
    3aac:	a8 6e 00 00 	l.ori r3,r14,0x0
    3ab0:	07 ff ff 09 	l.jal 36d4 <_free_r>
    3ab4:	84 45 00 00 	l.lwz r2,0x0(r5)
    3ab8:	bc 22 00 00 	l.sfnei r2,0x0
    3abc:	13 ff ff fb 	l.bf 3aa8 <_reclaim_reent+0x5c>
    3ac0:	a8 a2 00 00 	l.ori r5,r2,0x0
    3ac4:	84 8e 00 4c 	l.lwz r4,0x4c(r14)
    3ac8:	9e 10 00 01 	l.addi r16,r16,0x1
    3acc:	bc 10 00 20 	l.sfeqi r16,0x20
    3ad0:	0f ff ff f0 	l.bnf 3a90 <_reclaim_reent+0x44>
    3ad4:	a8 50 00 00 	l.ori r2,r16,0x0
    3ad8:	07 ff fe ff 	l.jal 36d4 <_free_r>
    3adc:	a8 6e 00 00 	l.ori r3,r14,0x0
    3ae0:	84 8e 00 40 	l.lwz r4,0x40(r14)
    3ae4:	bc 04 00 00 	l.sfeqi r4,0x0
    3ae8:	10 00 00 04 	l.bf 3af8 <_reclaim_reent+0xac>
    3aec:	15 00 00 00 	l.nop 0x0
    3af0:	07 ff fe f9 	l.jal 36d4 <_free_r>
    3af4:	a8 6e 00 00 	l.ori r3,r14,0x0
    3af8:	84 4e 01 48 	l.lwz r2,0x148(r14)
    3afc:	bc 02 00 00 	l.sfeqi r2,0x0
    3b00:	10 00 00 0d 	l.bf 3b34 <_reclaim_reent+0xe8>
    3b04:	15 00 00 00 	l.nop 0x0
    3b08:	9e 4e 01 4c 	l.addi r18,r14,0x14c
    3b0c:	e4 02 90 00 	l.sfeq r2,r18
    3b10:	10 00 00 09 	l.bf 3b34 <_reclaim_reent+0xe8>
    3b14:	15 00 00 00 	l.nop 0x0
    3b18:	a8 82 00 00 	l.ori r4,r2,0x0
    3b1c:	a8 6e 00 00 	l.ori r3,r14,0x0
    3b20:	07 ff fe ed 	l.jal 36d4 <_free_r>
    3b24:	86 02 00 00 	l.lwz r16,0x0(r2)
    3b28:	e4 32 80 00 	l.sfne r18,r16
    3b2c:	13 ff ff fb 	l.bf 3b18 <_reclaim_reent+0xcc>
    3b30:	a8 50 00 00 	l.ori r2,r16,0x0
    3b34:	84 8e 00 54 	l.lwz r4,0x54(r14)
    3b38:	bc 04 00 00 	l.sfeqi r4,0x0
    3b3c:	10 00 00 04 	l.bf 3b4c <_reclaim_reent+0x100>
    3b40:	15 00 00 00 	l.nop 0x0
    3b44:	07 ff fe e4 	l.jal 36d4 <_free_r>
    3b48:	a8 6e 00 00 	l.ori r3,r14,0x0
    3b4c:	84 4e 00 38 	l.lwz r2,0x38(r14)
    3b50:	bc 02 00 00 	l.sfeqi r2,0x0
    3b54:	0c 00 00 09 	l.bnf 3b78 <_reclaim_reent+0x12c>
    3b58:	15 00 00 00 	l.nop 0x0
    3b5c:	9c 21 00 14 	l.addi r1,r1,0x14
    3b60:	85 21 ff fc 	l.lwz r9,0xfffffffc(r1)
    3b64:	84 41 ff ec 	l.lwz r2,0xffffffec(r1)
    3b68:	85 c1 ff f0 	l.lwz r14,0xfffffff0(r1)
    3b6c:	86 01 ff f4 	l.lwz r16,0xfffffff4(r1)
    3b70:	44 00 48 00 	l.jr r9
    3b74:	86 41 ff f8 	l.lwz r18,0xfffffff8(r1)
    3b78:	84 4e 00 3c 	l.lwz r2,0x3c(r14)
    3b7c:	48 00 10 00 	l.jalr r2
    3b80:	a8 6e 00 00 	l.ori r3,r14,0x0
    3b84:	84 8e 02 e0 	l.lwz r4,0x2e0(r14)
    3b88:	bc 04 00 00 	l.sfeqi r4,0x0
    3b8c:	13 ff ff f4 	l.bf 3b5c <_reclaim_reent+0x110>
    3b90:	15 00 00 00 	l.nop 0x0
    3b94:	9c 21 00 14 	l.addi r1,r1,0x14
    3b98:	a8 6e 00 00 	l.ori r3,r14,0x0
    3b9c:	85 21 ff fc 	l.lwz r9,0xfffffffc(r1)
    3ba0:	84 41 ff ec 	l.lwz r2,0xffffffec(r1)
    3ba4:	85 c1 ff f0 	l.lwz r14,0xfffffff0(r1)
    3ba8:	86 01 ff f4 	l.lwz r16,0xfffffff4(r1)
    3bac:	03 ff ff 96 	l.j 3a04 <cleanup_glue>
    3bb0:	86 41 ff f8 	l.lwz r18,0xfffffff8(r1)

00003bb4 <_wrapup_reent>:
    3bb4:	d7 e1 97 f8 	l.sw 0xfffffff8(r1),r18
    3bb8:	d7 e1 4f fc 	l.sw 0xfffffffc(r1),r9
    3bbc:	d7 e1 17 ec 	l.sw 0xffffffec(r1),r2
    3bc0:	d7 e1 77 f0 	l.sw 0xfffffff0(r1),r14
    3bc4:	d7 e1 87 f4 	l.sw 0xfffffff4(r1),r16
    3bc8:	aa 43 00 00 	l.ori r18,r3,0x0
    3bcc:	bc 23 00 00 	l.sfnei r3,0x0
    3bd0:	0c 00 00 29 	l.bnf 3c74 <_wrapup_reent+0xc0>
    3bd4:	9c 21 ff ec 	l.addi r1,r1,0xffffffec
    3bd8:	86 12 01 48 	l.lwz r16,0x148(r18)
    3bdc:	bc 10 00 00 	l.sfeqi r16,0x0
    3be0:	10 00 00 13 	l.bf 3c2c <_wrapup_reent+0x78>
    3be4:	15 00 00 00 	l.nop 0x0
    3be8:	84 50 00 04 	l.lwz r2,0x4(r16)
    3bec:	9d c2 ff ff 	l.addi r14,r2,0xffffffff
    3bf0:	bd 8e 00 00 	l.sfltsi r14,0x0
    3bf4:	10 00 00 0a 	l.bf 3c1c <_wrapup_reent+0x68>
    3bf8:	9c 42 00 01 	l.addi r2,r2,0x1
    3bfc:	b8 42 00 02 	l.slli r2,r2,0x2
    3c00:	e0 50 10 00 	l.add r2,r16,r2
    3c04:	84 82 00 00 	l.lwz r4,0x0(r2)
    3c08:	48 00 20 00 	l.jalr r4
    3c0c:	9d ce ff ff 	l.addi r14,r14,0xffffffff
    3c10:	bd 6e 00 00 	l.sfgesi r14,0x0
    3c14:	13 ff ff fc 	l.bf 3c04 <_wrapup_reent+0x50>
    3c18:	9c 42 ff fc 	l.addi r2,r2,0xfffffffc
    3c1c:	86 10 00 00 	l.lwz r16,0x0(r16)
    3c20:	bc 30 00 00 	l.sfnei r16,0x0
    3c24:	13 ff ff f1 	l.bf 3be8 <_wrapup_reent+0x34>
    3c28:	15 00 00 00 	l.nop 0x0
    3c2c:	84 52 00 3c 	l.lwz r2,0x3c(r18)
    3c30:	bc 02 00 00 	l.sfeqi r2,0x0
    3c34:	10 00 00 09 	l.bf 3c58 <_wrapup_reent+0xa4>
    3c38:	a8 72 00 00 	l.ori r3,r18,0x0
    3c3c:	9c 21 00 14 	l.addi r1,r1,0x14
    3c40:	85 21 ff fc 	l.lwz r9,0xfffffffc(r1)
    3c44:	85 c1 ff f0 	l.lwz r14,0xfffffff0(r1)
    3c48:	86 01 ff f4 	l.lwz r16,0xfffffff4(r1)
    3c4c:	86 41 ff f8 	l.lwz r18,0xfffffff8(r1)
    3c50:	44 00 10 00 	l.jr r2
    3c54:	84 41 ff ec 	l.lwz r2,0xffffffec(r1)
    3c58:	9c 21 00 14 	l.addi r1,r1,0x14
    3c5c:	85 21 ff fc 	l.lwz r9,0xfffffffc(r1)
    3c60:	84 41 ff ec 	l.lwz r2,0xffffffec(r1)
    3c64:	85 c1 ff f0 	l.lwz r14,0xfffffff0(r1)
    3c68:	86 01 ff f4 	l.lwz r16,0xfffffff4(r1)
    3c6c:	44 00 48 00 	l.jr r9
    3c70:	86 41 ff f8 	l.lwz r18,0xfffffff8(r1)
    3c74:	18 40 00 00 	l.movhi r2,0x0
    3c78:	a8 42 5f f4 	l.ori r2,r2,0x5ff4
    3c7c:	03 ff ff d7 	l.j 3bd8 <_wrapup_reent+0x24>
    3c80:	86 42 00 00 	l.lwz r18,0x0(r2)

00003c84 <_exit>:
    3c84:	15 00 00 01 	l.nop 0x1
    3c88:	00 00 00 00 	l.j 3c88 <_exit+0x4>
    3c8c:	15 00 00 00 	l.nop 0x0

00003c90 <_sbrk>:
    3c90:	18 80 00 00 	l.movhi r4,0x0
    3c94:	18 a0 00 00 	l.movhi r5,0x0
    3c98:	a8 84 69 a0 	l.ori r4,r4,0x69a0
    3c9c:	a8 a5 5f ec 	l.ori r5,r5,0x5fec
    3ca0:	85 64 00 00 	l.lwz r11,0x0(r4)
    3ca4:	84 a5 00 00 	l.lwz r5,0x0(r5)
    3ca8:	e0 6b 18 00 	l.add r3,r11,r3
    3cac:	d7 e1 17 fc 	l.sw 0xfffffffc(r1),r2
    3cb0:	e0 a5 18 02 	l.sub r5,r5,r3
    3cb4:	18 40 00 01 	l.movhi r2,0x1
    3cb8:	e5 a5 10 00 	l.sfles r5,r2
    3cbc:	0c 00 00 0a 	l.bnf 3ce4 <_sbrk+0x54>
    3cc0:	9c 21 ff fc 	l.addi r1,r1,0xfffffffc
    3cc4:	18 60 00 00 	l.movhi r3,0x0
    3cc8:	9c 80 00 0c 	l.addi r4,r0,0xc
    3ccc:	a8 63 69 f8 	l.ori r3,r3,0x69f8
    3cd0:	9d 60 ff ff 	l.addi r11,r0,0xffffffff
    3cd4:	d4 03 20 00 	l.sw 0x0(r3),r4
    3cd8:	9c 21 00 04 	l.addi r1,r1,0x4
    3cdc:	44 00 48 00 	l.jr r9
    3ce0:	84 41 ff fc 	l.lwz r2,0xfffffffc(r1)
    3ce4:	d4 04 18 00 	l.sw 0x0(r4),r3
    3ce8:	9c 21 00 04 	l.addi r1,r1,0x4
    3cec:	44 00 48 00 	l.jr r9
    3cf0:	84 41 ff fc 	l.lwz r2,0xfffffffc(r1)

00003cf4 <__uart_init>:
    3cf4:	d7 e1 17 f8 	l.sw 0xfffffff8(r1),r2
    3cf8:	18 40 00 00 	l.movhi r2,0x0
    3cfc:	9c 80 ff c7 	l.addi r4,r0,0xffffffc7
    3d00:	a8 42 3e 44 	l.ori r2,r2,0x3e44
    3d04:	d7 e1 4f fc 	l.sw 0xfffffffc(r1),r9
    3d08:	84 62 00 00 	l.lwz r3,0x0(r2)
    3d0c:	9c 21 ff f8 	l.addi r1,r1,0xfffffff8
    3d10:	9c 63 00 02 	l.addi r3,r3,0x2
    3d14:	d8 03 20 00 	l.sb 0x0(r3),r4
    3d18:	9c 80 00 00 	l.addi r4,r0,0x0
    3d1c:	84 62 00 00 	l.lwz r3,0x0(r2)
    3d20:	9c 63 00 01 	l.addi r3,r3,0x1
    3d24:	d8 03 20 00 	l.sb 0x0(r3),r4
    3d28:	9c 80 00 03 	l.addi r4,r0,0x3
    3d2c:	84 62 00 00 	l.lwz r3,0x0(r2)
    3d30:	9c 63 00 03 	l.addi r3,r3,0x3
    3d34:	d8 03 20 00 	l.sb 0x0(r3),r4
    3d38:	18 60 00 00 	l.movhi r3,0x0
    3d3c:	a8 63 3e 48 	l.ori r3,r3,0x3e48
    3d40:	84 83 00 00 	l.lwz r4,0x0(r3)
    3d44:	18 60 00 00 	l.movhi r3,0x0
    3d48:	b8 84 00 04 	l.slli r4,r4,0x4
    3d4c:	a8 63 3e 40 	l.ori r3,r3,0x3e40
    3d50:	04 00 00 40 	l.jal 3e50 <__udivsi3>
    3d54:	84 63 00 00 	l.lwz r3,0x0(r3)
    3d58:	84 62 00 00 	l.lwz r3,0x0(r2)
    3d5c:	a4 8b 00 ff 	l.andi r4,r11,0xff
    3d60:	9c 63 00 03 	l.addi r3,r3,0x3
    3d64:	b9 6b 00 88 	l.srai r11,r11,0x8
    3d68:	8c a3 00 00 	l.lbz r5,0x0(r3)
    3d6c:	a8 a5 00 80 	l.ori r5,r5,0x80
    3d70:	a5 6b 00 ff 	l.andi r11,r11,0xff
    3d74:	d8 03 28 00 	l.sb 0x0(r3),r5
    3d78:	84 62 00 00 	l.lwz r3,0x0(r2)
    3d7c:	d8 03 20 00 	l.sb 0x0(r3),r4
    3d80:	84 62 00 00 	l.lwz r3,0x0(r2)
    3d84:	9c 63 00 01 	l.addi r3,r3,0x1
    3d88:	d8 03 58 00 	l.sb 0x0(r3),r11
    3d8c:	84 42 00 00 	l.lwz r2,0x0(r2)
    3d90:	9c 42 00 03 	l.addi r2,r2,0x3
    3d94:	8c 62 00 00 	l.lbz r3,0x0(r2)
    3d98:	a4 63 00 7f 	l.andi r3,r3,0x7f
    3d9c:	d8 02 18 00 	l.sb 0x0(r2),r3
    3da0:	9c 21 00 08 	l.addi r1,r1,0x8
    3da4:	85 21 ff fc 	l.lwz r9,0xfffffffc(r1)
    3da8:	44 00 48 00 	l.jr r9
    3dac:	84 41 ff f8 	l.lwz r2,0xfffffff8(r1)

00003db0 <__uart_putc>:
    3db0:	18 a0 00 00 	l.movhi r5,0x0
    3db4:	b8 63 00 18 	l.slli r3,r3,0x18
    3db8:	a8 a5 3e 44 	l.ori r5,r5,0x3e44
    3dbc:	84 c5 00 00 	l.lwz r6,0x0(r5)
    3dc0:	b8 e3 00 98 	l.srai r7,r3,0x18
    3dc4:	9c 86 00 05 	l.addi r4,r6,0x5
    3dc8:	8c 64 00 00 	l.lbz r3,0x0(r4)
    3dcc:	a4 63 00 20 	l.andi r3,r3,0x20
    3dd0:	bc 03 00 00 	l.sfeqi r3,0x0
    3dd4:	13 ff ff fd 	l.bf 3dc8 <__uart_putc+0x18>
    3dd8:	a4 67 00 ff 	l.andi r3,r7,0xff
    3ddc:	d8 06 18 00 	l.sb 0x0(r6),r3
    3de0:	84 85 00 00 	l.lwz r4,0x0(r5)
    3de4:	9c 84 00 05 	l.addi r4,r4,0x5
    3de8:	8c 64 00 00 	l.lbz r3,0x0(r4)
    3dec:	a4 63 00 60 	l.andi r3,r3,0x60
    3df0:	bc 23 00 60 	l.sfnei r3,0x60
    3df4:	13 ff ff fd 	l.bf 3de8 <__uart_putc+0x38>
    3df8:	15 00 00 00 	l.nop 0x0
    3dfc:	44 00 48 00 	l.jr r9
    3e00:	15 00 00 00 	l.nop 0x0

00003e04 <__uart_getc>:
    3e04:	18 60 00 00 	l.movhi r3,0x0
    3e08:	a8 63 3e 44 	l.ori r3,r3,0x3e44
    3e0c:	84 a3 00 00 	l.lwz r5,0x0(r3)
    3e10:	9c 85 00 05 	l.addi r4,r5,0x5
    3e14:	8c 64 00 00 	l.lbz r3,0x0(r4)
    3e18:	a4 63 00 01 	l.andi r3,r3,0x1
    3e1c:	bc 03 00 00 	l.sfeqi r3,0x0
    3e20:	13 ff ff fd 	l.bf 3e14 <__uart_getc+0x10>
    3e24:	15 00 00 00 	l.nop 0x0
    3e28:	8d 65 00 00 	l.lbz r11,0x0(r5)
    3e2c:	b9 6b 00 18 	l.slli r11,r11,0x18
    3e30:	44 00 48 00 	l.jr r9
    3e34:	b9 6b 00 98 	l.srai r11,r11,0x18

00003e38 <_board_mem_base>:
    3e38:	00 00 00 00 	l.j 3e38 <_board_mem_base>

00003e3c <_board_mem_size>:
    3e3c:	00 80 00 00 	l.j 2003e3c <_end+0x1ffd440>

00003e40 <_board_clk_freq>:
    3e40:	02 fa f0 80 	l.j fbec0040 <_end+0xfbeb9644>

00003e44 <_board_uart_base>:
    3e44:	00 00 00 00 	l.j 3e44 <_board_uart_base>

00003e48 <_board_uart_baud>:
    3e48:	00 01 c2 00 	l.j 74648 <_end+0x6dc4c>

00003e4c <_board_uart_IRQ>:
    3e4c:	00 00 00 02 	l.j 3e54 <__udivsi3+0x4>

00003e50 <__udivsi3>:
    3e50:	9c 21 ff fc 	l.addi r1,r1,0xfffffffc
    3e54:	d4 01 48 00 	l.sw 0x0(r1),r9
    3e58:	9d 60 00 00 	l.addi r11,r0,0x0
    3e5c:	9d 04 00 00 	l.addi r8,r4,0x0
    3e60:	9c a3 00 00 	l.addi r5,r3,0x0
    3e64:	e4 28 58 00 	l.sfne r8,r11
    3e68:	0c 00 00 36 	l.bnf 3f40 <__udivsi3+0xf0>
    3e6c:	9c e0 00 00 	l.addi r7,r0,0x0
    3e70:	e4 48 28 00 	l.sfgtu r8,r5
    3e74:	10 00 00 32 	l.bf 3f3c <__udivsi3+0xec>
    3e78:	e4 08 28 00 	l.sfeq r8,r5
    3e7c:	10 00 00 2e 	l.bf 3f34 <__udivsi3+0xe4>
    3e80:	e4 8b 40 00 	l.sfltu r11,r8
    3e84:	0c 00 00 0d 	l.bnf 3eb8 <__udivsi3+0x68>
    3e88:	9d a0 00 20 	l.addi r13,r0,0x20
    3e8c:	19 20 80 00 	l.movhi r9,0x8000
    3e90:	9c c0 ff ff 	l.addi r6,r0,0xffffffff
    3e94:	e0 65 48 03 	l.and r3,r5,r9
    3e98:	b8 87 00 01 	l.slli r4,r7,0x1
    3e9c:	9d e5 00 00 	l.addi r15,r5,0x0
    3ea0:	b8 63 00 5f 	l.srli r3,r3,0x1f
    3ea4:	e1 ad 30 00 	l.add r13,r13,r6
    3ea8:	e0 e4 18 04 	l.or r7,r4,r3
    3eac:	e4 87 40 00 	l.sfltu r7,r8
    3eb0:	13 ff ff f9 	l.bf 3e94 <__udivsi3+0x44>
    3eb4:	b8 a5 00 01 	l.slli r5,r5,0x1
    3eb8:	b8 e7 00 41 	l.srli r7,r7,0x1
    3ebc:	9d ad 00 01 	l.addi r13,r13,0x1
    3ec0:	9d 20 00 00 	l.addi r9,r0,0x0
    3ec4:	e4 89 68 00 	l.sfltu r9,r13
    3ec8:	0c 00 00 1e 	l.bnf 3f40 <__udivsi3+0xf0>
    3ecc:	9c af 00 00 	l.addi r5,r15,0x0
    3ed0:	19 e0 80 00 	l.movhi r15,0x8000
    3ed4:	9e 20 00 00 	l.addi r17,r0,0x0
    3ed8:	e0 65 78 03 	l.and r3,r5,r15
    3edc:	b8 87 00 01 	l.slli r4,r7,0x1
    3ee0:	b8 63 00 5f 	l.srli r3,r3,0x1f
    3ee4:	e0 e4 18 04 	l.or r7,r4,r3
    3ee8:	e0 c7 40 02 	l.sub r6,r7,r8
    3eec:	e0 66 78 03 	l.and r3,r6,r15
    3ef0:	b8 63 00 5f 	l.srli r3,r3,0x1f
    3ef4:	9c 80 00 00 	l.addi r4,r0,0x0
    3ef8:	e4 23 20 00 	l.sfne r3,r4
    3efc:	10 00 00 03 	l.bf 3f08 <__udivsi3+0xb8>
    3f00:	b8 6b 00 01 	l.slli r3,r11,0x1
    3f04:	9c 80 00 01 	l.addi r4,r0,0x1
    3f08:	b8 a5 00 01 	l.slli r5,r5,0x1
    3f0c:	e4 24 88 00 	l.sfne r4,r17
    3f10:	0c 00 00 03 	l.bnf 3f1c <__udivsi3+0xcc>
    3f14:	e1 63 20 04 	l.or r11,r3,r4
    3f18:	9c e6 00 00 	l.addi r7,r6,0x0
    3f1c:	9d 29 00 01 	l.addi r9,r9,0x1
    3f20:	e4 89 68 00 	l.sfltu r9,r13
    3f24:	13 ff ff ed 	l.bf 3ed8 <__udivsi3+0x88>
    3f28:	15 00 00 00 	l.nop 0x0
    3f2c:	00 00 00 05 	l.j 3f40 <__udivsi3+0xf0>
    3f30:	15 00 00 00 	l.nop 0x0
    3f34:	00 00 00 03 	l.j 3f40 <__udivsi3+0xf0>
    3f38:	9d 60 00 01 	l.addi r11,r0,0x1
    3f3c:	9c e5 00 00 	l.addi r7,r5,0x0
    3f40:	85 21 00 00 	l.lwz r9,0x0(r1)
    3f44:	44 00 48 00 	l.jr r9
    3f48:	9c 21 00 04 	l.addi r1,r1,0x4

00003f4c <__do_global_ctors_aux>:
    3f4c:	d7 e1 17 f8 	l.sw 0xfffffff8(r1),r2
    3f50:	18 40 00 00 	l.movhi r2,0x0
    3f54:	d7 e1 4f fc 	l.sw 0xfffffffc(r1),r9
    3f58:	a8 42 5f dc 	l.ori r2,r2,0x5fdc
    3f5c:	84 62 ff fc 	l.lwz r3,0xfffffffc(r2)
    3f60:	bc 03 ff ff 	l.sfeqi r3,0xffffffff
    3f64:	10 00 00 09 	l.bf 3f88 <__do_global_ctors_aux+0x3c>
    3f68:	9c 21 ff f8 	l.addi r1,r1,0xfffffff8
    3f6c:	9c 42 ff fc 	l.addi r2,r2,0xfffffffc
    3f70:	48 00 18 00 	l.jalr r3
    3f74:	9c 42 ff fc 	l.addi r2,r2,0xfffffffc
    3f78:	84 62 00 00 	l.lwz r3,0x0(r2)
    3f7c:	bc 23 ff ff 	l.sfnei r3,0xffffffff
    3f80:	13 ff ff fc 	l.bf 3f70 <__do_global_ctors_aux+0x24>
    3f84:	15 00 00 00 	l.nop 0x0
    3f88:	9c 21 00 08 	l.addi r1,r1,0x8
    3f8c:	85 21 ff fc 	l.lwz r9,0xfffffffc(r1)
    3f90:	44 00 48 00 	l.jr r9
    3f94:	84 41 ff f8 	l.lwz r2,0xfffffff8(r1)

00003f98 <call___do_global_ctors_aux>:
    3f98:	d7 e1 4f fc 	l.sw 0xfffffffc(r1),r9
    3f9c:	9c 21 ff fc 	l.addi r1,r1,0xfffffffc
    3fa0:	9c 21 00 04 	l.addi r1,r1,0x4
    3fa4:	85 21 ff fc 	l.lwz r9,0xfffffffc(r1)
    3fa8:	44 00 48 00 	l.jr r9
    3fac:	15 00 00 00 	l.nop 0x0

Disassembly of section .fini:

00003fb0 <__fini>:
    3fb0:	9c 21 ff fc 	l.addi r1,r1,0xfffffffc
    3fb4:	d4 01 48 00 	l.sw 0x0(r1),r9
    3fb8:	07 ff f8 46 	l.jal 20d0 <__do_global_dtors_aux>
    3fbc:	15 00 00 00 	l.nop 0x0
    3fc0:	85 21 00 00 	l.lwz r9,0x0(r1)
    3fc4:	44 00 48 00 	l.jr r9
    3fc8:	9c 21 00 04 	l.addi r1,r1,0x4
